<?xml version="1.0" encoding="UTF-8"?>
<coverage generated="1663084505153" clover="3.2.0">
  <project timestamp="1663084505153" name="All files">
    <metrics statements="1092" coveredstatements="901" conditionals="534" coveredconditionals="455" methods="285" coveredmethods="206" elements="1911" coveredelements="1562" complexity="0" loc="1092" ncloc="1092" packages="5" files="10" classes="10"/>
    <package name="components">
      <metrics statements="45" coveredstatements="45" conditionals="0" coveredconditionals="0" methods="0" coveredmethods="0"/>
      <file name="SCR_NotFound.svelte" path="/home/arthur/projects/svelte/v2-svelte-client-router/src/components/SCR_NotFound.svelte">
        <metrics statements="45" coveredstatements="45" conditionals="0" coveredconditionals="0" methods="0" coveredmethods="0"/>
        <line num="1" count="1" type="stmt"/>
        <line num="2" count="1" type="stmt"/>
        <line num="3" count="1" type="stmt"/>
        <line num="4" count="1" type="stmt"/>
        <line num="5" count="1" type="stmt"/>
        <line num="6" count="1" type="stmt"/>
        <line num="7" count="1" type="stmt"/>
        <line num="8" count="1" type="stmt"/>
        <line num="9" count="1" type="stmt"/>
        <line num="10" count="1" type="stmt"/>
        <line num="11" count="1" type="stmt"/>
        <line num="12" count="1" type="stmt"/>
        <line num="13" count="1" type="stmt"/>
        <line num="14" count="1" type="stmt"/>
        <line num="15" count="1" type="stmt"/>
        <line num="16" count="1" type="stmt"/>
        <line num="17" count="1" type="stmt"/>
        <line num="18" count="1" type="stmt"/>
        <line num="19" count="1" type="stmt"/>
        <line num="20" count="1" type="stmt"/>
        <line num="21" count="1" type="stmt"/>
        <line num="22" count="1" type="stmt"/>
        <line num="23" count="1" type="stmt"/>
        <line num="24" count="1" type="stmt"/>
        <line num="25" count="1" type="stmt"/>
        <line num="26" count="1" type="stmt"/>
        <line num="27" count="1" type="stmt"/>
        <line num="28" count="1" type="stmt"/>
        <line num="29" count="1" type="stmt"/>
        <line num="30" count="1" type="stmt"/>
        <line num="31" count="1" type="stmt"/>
        <line num="32" count="1" type="stmt"/>
        <line num="33" count="1" type="stmt"/>
        <line num="34" count="1" type="stmt"/>
        <line num="35" count="1" type="stmt"/>
        <line num="36" count="1" type="stmt"/>
        <line num="37" count="1" type="stmt"/>
        <line num="38" count="1" type="stmt"/>
        <line num="39" count="1" type="stmt"/>
        <line num="40" count="1" type="stmt"/>
        <line num="41" count="1" type="stmt"/>
        <line num="42" count="1" type="stmt"/>
        <line num="43" count="1" type="stmt"/>
        <line num="44" count="1" type="stmt"/>
        <line num="45" count="1" type="stmt"/>
      </file>
    </package>
    <package name="core">
      <metrics statements="231" coveredstatements="159" conditionals="97" coveredconditionals="58" methods="17" coveredmethods="16"/>
      <file name="baseFunctions.js" path="/home/arthur/projects/svelte/v2-svelte-client-router/src/core/baseFunctions.js">
        <metrics statements="231" coveredstatements="159" conditionals="97" coveredconditionals="58" methods="17" coveredmethods="16"/>
        <line num="1" count="1" type="stmt"/>
        <line num="2" count="1" type="stmt"/>
        <line num="3" count="1" type="stmt"/>
        <line num="4" count="1" type="stmt"/>
        <line num="5" count="1" type="cond" truecount="1" falsecount="0"/>
        <line num="6" count="1309" type="stmt"/>
        <line num="7" count="1309" type="stmt"/>
        <line num="8" count="0" type="cond" truecount="0" falsecount="1"/>
        <line num="9" count="0" type="stmt"/>
        <line num="10" count="1309" type="stmt"/>
        <line num="11" count="1309" type="cond" truecount="1" falsecount="0"/>
        <line num="12" count="2618" type="stmt"/>
        <line num="13" count="1309" type="stmt"/>
        <line num="14" count="1309" type="stmt"/>
        <line num="15" count="1309" type="cond" truecount="0" falsecount="1"/>
        <line num="16" count="0" type="stmt"/>
        <line num="17" count="0" type="stmt"/>
        <line num="18" count="0" type="stmt"/>
        <line num="19" count="1" type="stmt"/>
        <line num="20" count="1" type="stmt"/>
        <line num="21" count="1" type="stmt"/>
        <line num="22" count="1" type="cond" truecount="1" falsecount="0"/>
        <line num="23" count="1617" type="stmt"/>
        <line num="24" count="1617" type="stmt"/>
        <line num="25" count="0" type="cond" truecount="0" falsecount="1"/>
        <line num="26" count="0" type="stmt"/>
        <line num="27" count="1617" type="stmt"/>
        <line num="28" count="0" type="cond" truecount="0" falsecount="1"/>
        <line num="29" count="0" type="stmt"/>
        <line num="30" count="1617" type="stmt"/>
        <line num="31" count="308" type="cond" truecount="1" falsecount="0"/>
        <line num="32" count="308" type="stmt"/>
        <line num="33" count="308" type="stmt"/>
        <line num="34" count="1309" type="cond" truecount="1" falsecount="0"/>
        <line num="35" count="1309" type="stmt"/>
        <line num="36" count="2618" type="cond" truecount="1" falsecount="0"/>
        <line num="37" count="2618" type="stmt"/>
        <line num="38" count="1309" type="cond" truecount="1" falsecount="0"/>
        <line num="39" count="1309" type="stmt"/>
        <line num="40" count="1309" type="stmt"/>
        <line num="41" count="1309" type="stmt"/>
        <line num="42" count="1617" type="cond" truecount="0" falsecount="1"/>
        <line num="43" count="0" type="stmt"/>
        <line num="44" count="0" type="stmt"/>
        <line num="45" count="0" type="stmt"/>
        <line num="46" count="1" type="stmt"/>
        <line num="47" count="1" type="stmt"/>
        <line num="48" count="1" type="stmt"/>
        <line num="49" count="1" type="stmt"/>
        <line num="50" count="0" type="stmt"/>
        <line num="51" count="0" type="stmt"/>
        <line num="52" count="0" type="stmt"/>
        <line num="53" count="0" type="stmt"/>
        <line num="54" count="0" type="stmt"/>
        <line num="55" count="0" type="stmt"/>
        <line num="56" count="1" type="stmt"/>
        <line num="57" count="1" type="stmt"/>
        <line num="58" count="1" type="stmt"/>
        <line num="59" count="1" type="cond" truecount="2" falsecount="0"/>
        <line num="60" count="34992" type="stmt"/>
        <line num="61" count="34992" type="stmt"/>
        <line num="62" count="12" type="cond" truecount="2" falsecount="0"/>
        <line num="63" count="12" type="stmt"/>
        <line num="64" count="34980" type="cond" truecount="2" falsecount="0"/>
        <line num="65" count="34980" type="stmt"/>
        <line num="66" count="34980" type="stmt"/>
        <line num="67" count="34980" type="cond" truecount="1" falsecount="0"/>
        <line num="68" count="34992" type="cond" truecount="1" falsecount="0"/>
        <line num="69" count="30108" type="stmt"/>
        <line num="70" count="34992" type="cond" truecount="2" falsecount="0"/>
        <line num="71" count="34980" type="stmt"/>
        <line num="72" count="34992" type="cond" truecount="1" falsecount="1"/>
        <line num="73" count="0" type="cond" truecount="0" falsecount="1"/>
        <line num="74" count="0" type="stmt"/>
        <line num="75" count="0" type="stmt"/>
        <line num="76" count="0" type="stmt"/>
        <line num="77" count="1" type="stmt"/>
        <line num="78" count="1" type="cond" truecount="1" falsecount="0"/>
        <line num="79" count="1332" type="stmt"/>
        <line num="80" count="1332" type="cond" truecount="1" falsecount="0"/>
        <line num="81" count="222" type="stmt"/>
        <line num="82" count="222" type="stmt"/>
        <line num="83" count="222" type="cond" truecount="0" falsecount="1"/>
        <line num="84" count="222" type="stmt"/>
        <line num="85" count="0" type="cond" truecount="0" falsecount="1"/>
        <line num="86" count="0" type="stmt"/>
        <line num="87" count="0" type="stmt"/>
        <line num="88" count="0" type="stmt"/>
        <line num="89" count="0" type="stmt"/>
        <line num="90" count="0" type="stmt"/>
        <line num="91" count="1" type="stmt"/>
        <line num="92" count="1" type="cond" truecount="1" falsecount="0"/>
        <line num="93" count="1332" type="stmt"/>
        <line num="94" count="1332" type="cond" truecount="1" falsecount="0"/>
        <line num="95" count="222" type="stmt"/>
        <line num="96" count="222" type="cond" truecount="0" falsecount="1"/>
        <line num="97" count="0" type="cond" truecount="0" falsecount="1"/>
        <line num="98" count="0" type="stmt"/>
        <line num="99" count="0" type="stmt"/>
        <line num="100" count="222" type="cond" truecount="1" falsecount="0"/>
        <line num="101" count="218" type="cond" truecount="2" falsecount="0"/>
        <line num="102" count="222" type="cond" truecount="1" falsecount="0"/>
        <line num="103" count="4" type="stmt"/>
        <line num="104" count="4" type="stmt"/>
        <line num="105" count="4" type="stmt"/>
        <line num="106" count="222" type="cond" truecount="1" falsecount="0"/>
        <line num="107" count="1" type="cond" truecount="1" falsecount="0"/>
        <line num="108" count="1" type="cond" truecount="0" falsecount="1"/>
        <line num="109" count="1" type="stmt"/>
        <line num="110" count="0" type="cond" truecount="1" falsecount="1"/>
        <line num="111" count="0" type="stmt"/>
        <line num="112" count="221" type="cond" truecount="1" falsecount="1"/>
        <line num="113" count="222" type="cond" truecount="0" falsecount="1"/>
        <line num="114" count="0" type="stmt"/>
        <line num="115" count="0" type="stmt"/>
        <line num="116" count="0" type="stmt"/>
        <line num="117" count="1" type="stmt"/>
        <line num="118" count="1" type="cond" truecount="1" falsecount="0"/>
        <line num="119" count="1398" type="stmt"/>
        <line num="120" count="1398" type="cond" truecount="1" falsecount="0"/>
        <line num="121" count="233" type="stmt"/>
        <line num="122" count="233" type="stmt"/>
        <line num="123" count="233" type="stmt"/>
        <line num="124" count="233" type="stmt"/>
        <line num="125" count="233" type="stmt"/>
        <line num="126" count="233" type="stmt"/>
        <line num="127" count="233" type="stmt"/>
        <line num="128" count="233" type="stmt"/>
        <line num="129" count="233" type="stmt"/>
        <line num="130" count="233" type="stmt"/>
        <line num="131" count="233" type="stmt"/>
        <line num="132" count="233" type="cond" truecount="0" falsecount="1"/>
        <line num="133" count="233" type="stmt"/>
        <line num="134" count="233" type="stmt"/>
        <line num="135" count="0" type="cond" truecount="0" falsecount="1"/>
        <line num="136" count="0" type="stmt"/>
        <line num="137" count="233" type="cond" truecount="0" falsecount="2"/>
        <line num="138" count="233" type="stmt"/>
        <line num="139" count="233" type="stmt"/>
        <line num="140" count="233" type="stmt"/>
        <line num="141" count="233" type="cond" truecount="0" falsecount="4"/>
        <line num="142" count="233" type="stmt"/>
        <line num="143" count="233" type="stmt"/>
        <line num="144" count="233" type="cond" truecount="0" falsecount="1"/>
        <line num="145" count="0" type="cond" truecount="0" falsecount="1"/>
        <line num="146" count="0" type="stmt"/>
        <line num="147" count="0" type="stmt"/>
        <line num="148" count="0" type="stmt"/>
        <line num="149" count="0" type="stmt"/>
        <line num="150" count="0" type="stmt"/>
        <line num="151" count="233" type="cond" truecount="0" falsecount="1"/>
        <line num="152" count="0" type="cond" truecount="0" falsecount="1"/>
        <line num="153" count="0" type="stmt"/>
        <line num="154" count="0" type="stmt"/>
        <line num="155" count="0" type="stmt"/>
        <line num="156" count="0" type="stmt"/>
        <line num="157" count="0" type="stmt"/>
        <line num="158" count="0" type="stmt"/>
        <line num="159" count="0" type="stmt"/>
        <line num="160" count="0" type="stmt"/>
        <line num="161" count="0" type="stmt"/>
        <line num="162" count="0" type="stmt"/>
        <line num="163" count="0" type="stmt"/>
        <line num="164" count="0" type="stmt"/>
        <line num="165" count="1" type="stmt"/>
        <line num="166" count="1" type="cond" truecount="1" falsecount="0"/>
        <line num="167" count="24" type="stmt"/>
        <line num="168" count="24" type="cond" truecount="1" falsecount="0"/>
        <line num="169" count="4" type="stmt"/>
        <line num="170" count="4" type="cond" truecount="0" falsecount="1"/>
        <line num="171" count="0" type="cond" truecount="0" falsecount="1"/>
        <line num="172" count="0" type="stmt"/>
        <line num="173" count="4" type="cond" truecount="1" falsecount="0"/>
        <line num="174" count="6" type="cond" truecount="1" falsecount="0"/>
        <line num="175" count="6" type="stmt"/>
        <line num="176" count="4" type="cond" truecount="0" falsecount="1"/>
        <line num="177" count="4" type="cond" truecount="0" falsecount="1"/>
        <line num="178" count="0" type="stmt"/>
        <line num="179" count="0" type="stmt"/>
        <line num="180" count="0" type="stmt"/>
        <line num="181" count="1" type="stmt"/>
        <line num="182" count="1" type="cond" truecount="1" falsecount="0"/>
        <line num="183" count="30" type="stmt"/>
        <line num="184" count="30" type="cond" truecount="1" falsecount="0"/>
        <line num="185" count="5" type="stmt"/>
        <line num="186" count="5" type="cond" truecount="3" falsecount="0"/>
        <line num="187" count="1" type="cond" truecount="2" falsecount="0"/>
        <line num="188" count="1" type="stmt"/>
        <line num="189" count="4" type="cond" truecount="1" falsecount="0"/>
        <line num="190" count="4" type="cond" truecount="0" falsecount="1"/>
        <line num="191" count="0" type="cond" truecount="0" falsecount="1"/>
        <line num="192" count="0" type="stmt"/>
        <line num="193" count="4" type="stmt"/>
        <line num="194" count="4" type="stmt"/>
        <line num="195" count="4" type="stmt"/>
        <line num="196" count="4" type="stmt"/>
        <line num="197" count="4" type="stmt"/>
        <line num="198" count="4" type="cond" truecount="0" falsecount="1"/>
        <line num="199" count="5" type="cond" truecount="0" falsecount="1"/>
        <line num="200" count="0" type="stmt"/>
        <line num="201" count="0" type="stmt"/>
        <line num="202" count="0" type="stmt"/>
        <line num="203" count="1" type="stmt"/>
        <line num="204" count="1" type="cond" truecount="1" falsecount="0"/>
        <line num="205" count="3006" type="stmt"/>
        <line num="206" count="3006" type="cond" truecount="1" falsecount="0"/>
        <line num="207" count="4" type="stmt"/>
        <line num="208" count="4" type="stmt"/>
        <line num="209" count="4" type="stmt"/>
        <line num="210" count="4" type="stmt"/>
        <line num="211" count="4" type="cond" truecount="0" falsecount="1"/>
        <line num="212" count="0" type="cond" truecount="0" falsecount="1"/>
        <line num="213" count="0" type="stmt"/>
        <line num="214" count="4" type="cond" truecount="1" falsecount="0"/>
        <line num="215" count="6" type="cond" truecount="1" falsecount="0"/>
        <line num="216" count="6" type="cond" truecount="1" falsecount="0"/>
        <line num="217" count="4" type="cond" truecount="2" falsecount="0"/>
        <line num="218" count="4" type="stmt"/>
        <line num="219" count="2" type="cond" truecount="2" falsecount="0"/>
        <line num="220" count="6" type="cond" truecount="2" falsecount="0"/>
        <line num="221" count="1" type="cond" truecount="1" falsecount="0"/>
        <line num="222" count="1" type="cond" truecount="1" falsecount="0"/>
        <line num="223" count="6" type="stmt"/>
        <line num="224" count="6" type="stmt"/>
        <line num="225" count="2" type="cond" truecount="1" falsecount="1"/>
        <line num="226" count="4" type="cond" truecount="0" falsecount="1"/>
        <line num="227" count="0" type="stmt"/>
        <line num="228" count="0" type="stmt"/>
        <line num="229" count="0" type="stmt"/>
        <line num="230" count="1" type="stmt"/>
        <line num="231" count="1" type="stmt"/>
      </file>
    </package>
    <package name="helpers">
      <metrics statements="19" coveredstatements="18" conditionals="15" coveredconditionals="10" methods="10" coveredmethods="7"/>
      <file name="index.js" path="/home/arthur/projects/svelte/v2-svelte-client-router/src/helpers/index.js">
        <metrics statements="19" coveredstatements="18" conditionals="15" coveredconditionals="10" methods="10" coveredmethods="7"/>
        <line num="1" count="1" type="stmt"/>
        <line num="2" count="1" type="stmt"/>
        <line num="3" count="1" type="cond" truecount="2" falsecount="2"/>
        <line num="4" count="24" type="stmt"/>
        <line num="5" count="24" type="cond" truecount="1" falsecount="1"/>
        <line num="6" count="6315" type="stmt"/>
        <line num="7" count="6315" type="cond" truecount="1" falsecount="0"/>
        <line num="8" count="6315" type="cond" truecount="1" falsecount="0"/>
        <line num="9" count="24" type="stmt"/>
        <line num="10" count="24" type="stmt"/>
        <line num="11" count="48" type="cond" truecount="1" falsecount="0"/>
        <line num="12" count="48" type="cond" truecount="0" falsecount="1"/>
        <line num="13" count="48" type="stmt"/>
        <line num="14" count="1" type="cond" truecount="1" falsecount="1"/>
        <line num="15" count="12630" type="cond" truecount="1" falsecount="0"/>
        <line num="16" count="9676" type="cond" truecount="1" falsecount="0"/>
        <line num="17" count="9676" type="stmt"/>
        <line num="18" count="2954" type="cond" truecount="1" falsecount="0"/>
        <line num="19" count="0" type="stmt"/>
      </file>
    </package>
    <package name="plugins">
      <metrics statements="45" coveredstatements="34" conditionals="26" coveredconditionals="19" methods="7" coveredmethods="5"/>
      <file name="waitPlugin.js" path="/home/arthur/projects/svelte/v2-svelte-client-router/src/plugins/waitPlugin.js">
        <metrics statements="45" coveredstatements="34" conditionals="26" coveredconditionals="19" methods="7" coveredmethods="5"/>
        <line num="1" count="1" type="stmt"/>
        <line num="2" count="1" type="cond" truecount="1" falsecount="0"/>
        <line num="3" count="46" type="stmt"/>
        <line num="4" count="46" type="stmt"/>
        <line num="5" count="46" type="stmt"/>
        <line num="6" count="1" type="cond" truecount="2" falsecount="0"/>
        <line num="7" count="91" type="cond" truecount="1" falsecount="0"/>
        <line num="8" count="91" type="cond" truecount="2" falsecount="0"/>
        <line num="9" count="83" type="stmt"/>
        <line num="10" count="83" type="cond" truecount="2" falsecount="0"/>
        <line num="11" count="91" type="cond" truecount="0" falsecount="1"/>
        <line num="12" count="91" type="cond" truecount="1" falsecount="1"/>
        <line num="13" count="83" type="stmt"/>
        <line num="14" count="83" type="cond" truecount="1" falsecount="0"/>
        <line num="15" count="91" type="cond" truecount="0" falsecount="2"/>
        <line num="16" count="0" type="stmt"/>
        <line num="17" count="91" type="cond" truecount="1" falsecount="1"/>
        <line num="18" count="83" type="cond" truecount="1" falsecount="1"/>
        <line num="19" count="83" type="cond" truecount="1" falsecount="0"/>
        <line num="20" count="83" type="stmt"/>
        <line num="21" count="64" type="cond" truecount="1" falsecount="0"/>
        <line num="22" count="83" type="stmt"/>
        <line num="23" count="83" type="stmt"/>
        <line num="24" count="83" type="stmt"/>
        <line num="25" count="83" type="stmt"/>
        <line num="26" count="0" type="cond" truecount="1" falsecount="1"/>
        <line num="27" count="1060" type="stmt"/>
        <line num="28" count="990" type="cond" truecount="1" falsecount="0"/>
        <line num="29" count="990" type="stmt"/>
        <line num="30" count="70" type="cond" truecount="2" falsecount="0"/>
        <line num="31" count="83" type="cond" truecount="1" falsecount="0"/>
        <line num="32" count="70" type="stmt"/>
        <line num="33" count="70" type="stmt"/>
        <line num="34" count="70" type="stmt"/>
        <line num="35" count="0" type="stmt"/>
        <line num="36" count="0" type="stmt"/>
        <line num="37" count="0" type="stmt"/>
        <line num="38" count="0" type="stmt"/>
        <line num="39" count="0" type="stmt"/>
        <line num="40" count="0" type="stmt"/>
        <line num="41" count="0" type="stmt"/>
        <line num="42" count="0" type="stmt"/>
        <line num="43" count="0" type="stmt"/>
        <line num="44" count="1" type="stmt"/>
        <line num="45" count="1" type="stmt"/>
      </file>
    </package>
    <package name="stores">
      <metrics statements="752" coveredstatements="645" conditionals="396" coveredconditionals="368" methods="251" coveredmethods="178"/>
      <file name="config.js" path="/home/arthur/projects/svelte/v2-svelte-client-router/src/stores/config.js">
        <metrics statements="262" coveredstatements="245" conditionals="192" coveredconditionals="182" methods="131" coveredmethods="94"/>
        <line num="1" count="1" type="stmt"/>
        <line num="2" count="1" type="stmt"/>
        <line num="3" count="1" type="stmt"/>
        <line num="4" count="1" type="stmt"/>
        <line num="5" count="1" type="stmt"/>
        <line num="6" count="1" type="stmt"/>
        <line num="7" count="1" type="stmt"/>
        <line num="8" count="1" type="stmt"/>
        <line num="9" count="1" type="stmt"/>
        <line num="10" count="1" type="stmt"/>
        <line num="11" count="1" type="stmt"/>
        <line num="12" count="1" type="stmt"/>
        <line num="13" count="1" type="stmt"/>
        <line num="14" count="1" type="stmt"/>
        <line num="15" count="1" type="stmt"/>
        <line num="16" count="1" type="stmt"/>
        <line num="17" count="1" type="stmt"/>
        <line num="18" count="1" type="stmt"/>
        <line num="19" count="1" type="stmt"/>
        <line num="20" count="1" type="stmt"/>
        <line num="21" count="1" type="stmt"/>
        <line num="22" count="1" type="stmt"/>
        <line num="23" count="1" type="stmt"/>
        <line num="24" count="1" type="stmt"/>
        <line num="25" count="1" type="stmt"/>
        <line num="26" count="1" type="stmt"/>
        <line num="27" count="1" type="stmt"/>
        <line num="28" count="1" type="stmt"/>
        <line num="29" count="1" type="stmt"/>
        <line num="30" count="1" type="cond" truecount="1" falsecount="0"/>
        <line num="31" count="20" type="stmt"/>
        <line num="32" count="288" type="cond" truecount="3" falsecount="0"/>
        <line num="33" count="350" type="stmt"/>
        <line num="34" count="350" type="stmt"/>
        <line num="35" count="350" type="stmt"/>
        <line num="36" count="350" type="stmt"/>
        <line num="37" count="350" type="stmt"/>
        <line num="38" count="350" type="stmt"/>
        <line num="39" count="350" type="stmt"/>
        <line num="40" count="350" type="stmt"/>
        <line num="41" count="350" type="stmt"/>
        <line num="42" count="350" type="stmt"/>
        <line num="43" count="350" type="stmt"/>
        <line num="44" count="350" type="stmt"/>
        <line num="45" count="350" type="stmt"/>
        <line num="46" count="0" type="stmt"/>
        <line num="47" count="0" type="stmt"/>
        <line num="48" count="0" type="stmt"/>
        <line num="49" count="0" type="stmt"/>
        <line num="50" count="0" type="stmt"/>
        <line num="51" count="0" type="stmt"/>
        <line num="52" count="1" type="stmt"/>
        <line num="53" count="1" type="cond" truecount="1" falsecount="0"/>
        <line num="54" count="32" type="stmt"/>
        <line num="55" count="32" type="cond" truecount="2" falsecount="0"/>
        <line num="56" count="312" type="cond" truecount="2" falsecount="0"/>
        <line num="57" count="378" type="cond" truecount="4" falsecount="0"/>
        <line num="58" count="12" type="stmt"/>
        <line num="59" count="12" type="stmt"/>
        <line num="60" count="12" type="stmt"/>
        <line num="61" count="12" type="cond" truecount="2" falsecount="0"/>
        <line num="62" count="24" type="cond" truecount="1" falsecount="0"/>
        <line num="63" count="1720" type="stmt"/>
        <line num="64" count="1720" type="stmt"/>
        <line num="65" count="1" type="stmt"/>
        <line num="66" count="1" type="cond" truecount="1" falsecount="0"/>
        <line num="67" count="28" type="stmt"/>
        <line num="68" count="28" type="cond" truecount="3" falsecount="0"/>
        <line num="69" count="385" type="cond" truecount="1" falsecount="0"/>
        <line num="70" count="385" type="cond" truecount="1" falsecount="0"/>
        <line num="71" count="385" type="cond" truecount="1" falsecount="0"/>
        <line num="72" count="385" type="cond" truecount="2" falsecount="0"/>
        <line num="73" count="385" type="cond" truecount="3" falsecount="0"/>
        <line num="74" count="8" type="stmt"/>
        <line num="75" count="8" type="cond" truecount="4" falsecount="0"/>
        <line num="76" count="24" type="stmt"/>
        <line num="77" count="24" type="stmt"/>
        <line num="78" count="24" type="cond" truecount="1" falsecount="0"/>
        <line num="79" count="25" type="cond" truecount="1" falsecount="0"/>
        <line num="80" count="181" type="stmt"/>
        <line num="81" count="181" type="stmt"/>
        <line num="82" count="1" type="stmt"/>
        <line num="83" count="20" type="cond" truecount="2" falsecount="0"/>
        <line num="84" count="312" type="stmt"/>
        <line num="85" count="312" type="cond" truecount="2" falsecount="0"/>
        <line num="86" count="50" type="cond" truecount="5" falsecount="0"/>
        <line num="87" count="27" type="cond" truecount="4" falsecount="0"/>
        <line num="88" count="138" type="stmt"/>
        <line num="89" count="138" type="stmt"/>
        <line num="90" count="138" type="stmt"/>
        <line num="91" count="138" type="cond" truecount="1" falsecount="0"/>
        <line num="92" count="211" type="cond" truecount="1" falsecount="0"/>
        <line num="93" count="1270" type="stmt"/>
        <line num="94" count="1270" type="stmt"/>
        <line num="95" count="1" type="stmt"/>
        <line num="96" count="20" type="cond" truecount="2" falsecount="0"/>
        <line num="97" count="312" type="stmt"/>
        <line num="98" count="312" type="cond" truecount="4" falsecount="0"/>
        <line num="99" count="378" type="cond" truecount="1" falsecount="0"/>
        <line num="100" count="24" type="cond" truecount="2" falsecount="0"/>
        <line num="101" count="24" type="stmt"/>
        <line num="102" count="24" type="stmt"/>
        <line num="103" count="24" type="stmt"/>
        <line num="104" count="364" type="cond" truecount="1" falsecount="0"/>
        <line num="105" count="5" type="cond" truecount="1" falsecount="0"/>
        <line num="106" count="28" type="stmt"/>
        <line num="107" count="28" type="stmt"/>
        <line num="108" count="1" type="cond" truecount="2" falsecount="0"/>
        <line num="109" count="312" type="cond" truecount="1" falsecount="0"/>
        <line num="110" count="300" type="stmt"/>
        <line num="111" count="300" type="cond" truecount="1" falsecount="0"/>
        <line num="112" count="50" type="cond" truecount="2" falsecount="0"/>
        <line num="113" count="24" type="cond" truecount="2" falsecount="0"/>
        <line num="114" count="24" type="stmt"/>
        <line num="115" count="24" type="stmt"/>
        <line num="116" count="24" type="stmt"/>
        <line num="117" count="24" type="cond" truecount="1" falsecount="0"/>
        <line num="118" count="4" type="cond" truecount="1" falsecount="0"/>
        <line num="119" count="28" type="stmt"/>
        <line num="120" count="28" type="stmt"/>
        <line num="121" count="1" type="cond" truecount="1" falsecount="0"/>
        <line num="122" count="20" type="cond" truecount="1" falsecount="0"/>
        <line num="123" count="312" type="stmt"/>
        <line num="124" count="312" type="cond" truecount="2" falsecount="0"/>
        <line num="125" count="255" type="cond" truecount="1" falsecount="0"/>
        <line num="126" count="0" type="stmt"/>
        <line num="127" count="0" type="cond" truecount="2" falsecount="0"/>
        <line num="128" count="253" type="cond" truecount="2" falsecount="0"/>
        <line num="129" count="28" type="stmt"/>
        <line num="130" count="28" type="stmt"/>
        <line num="131" count="28" type="stmt"/>
        <line num="132" count="28" type="cond" truecount="1" falsecount="0"/>
        <line num="133" count="5595" type="cond" truecount="1" falsecount="0"/>
        <line num="134" count="20" type="stmt"/>
        <line num="135" count="20" type="stmt"/>
        <line num="136" count="20" type="cond" truecount="2" falsecount="0"/>
        <line num="137" count="1" type="cond" truecount="2" falsecount="0"/>
        <line num="138" count="24" type="stmt"/>
        <line num="139" count="24" type="cond" truecount="1" falsecount="0"/>
        <line num="140" count="50" type="cond" truecount="1" falsecount="0"/>
        <line num="141" count="50" type="stmt"/>
        <line num="142" count="48" type="cond" truecount="1" falsecount="0"/>
        <line num="143" count="48" type="cond" truecount="1" falsecount="0"/>
        <line num="144" count="35032" type="cond" truecount="1" falsecount="0"/>
        <line num="145" count="35032" type="cond" truecount="1" falsecount="0"/>
        <line num="146" count="35032" type="cond" truecount="2" falsecount="0"/>
        <line num="147" count="332" type="cond" truecount="1" falsecount="0"/>
        <line num="148" count="936" type="cond" truecount="1" falsecount="0"/>
        <line num="149" count="936" type="cond" truecount="1" falsecount="0"/>
        <line num="150" count="936" type="stmt"/>
        <line num="151" count="936" type="cond" truecount="1" falsecount="0"/>
        <line num="152" count="924" type="cond" truecount="1" falsecount="0"/>
        <line num="153" count="924" type="cond" truecount="2" falsecount="0"/>
        <line num="154" count="669" type="cond" truecount="3" falsecount="1"/>
        <line num="155" count="6438" type="stmt"/>
        <line num="156" count="6438" type="stmt"/>
        <line num="157" count="6438" type="cond" truecount="1" falsecount="0"/>
        <line num="158" count="364" type="cond" truecount="0" falsecount="1"/>
        <line num="159" count="364" type="cond" truecount="2" falsecount="0"/>
        <line num="160" count="364" type="stmt"/>
        <line num="161" count="364" type="stmt"/>
        <line num="162" count="364" type="stmt"/>
        <line num="163" count="364" type="cond" truecount="1" falsecount="0"/>
        <line num="164" count="54" type="cond" truecount="3" falsecount="0"/>
        <line num="165" count="312" type="cond" truecount="1" falsecount="0"/>
        <line num="166" count="312" type="stmt"/>
        <line num="167" count="312" type="cond" truecount="1" falsecount="1"/>
        <line num="168" count="312" type="cond" truecount="3" falsecount="0"/>
        <line num="169" count="294" type="stmt"/>
        <line num="170" count="300" type="cond" truecount="2" falsecount="1"/>
        <line num="171" count="50" type="stmt"/>
        <line num="172" count="48" type="cond" truecount="3" falsecount="0"/>
        <line num="173" count="0" type="stmt"/>
        <line num="174" count="0" type="cond" truecount="1" falsecount="0"/>
        <line num="175" count="0" type="stmt"/>
        <line num="176" count="0" type="cond" truecount="1" falsecount="0"/>
        <line num="177" count="5" type="stmt"/>
        <line num="178" count="5" type="stmt"/>
        <line num="179" count="5" type="stmt"/>
        <line num="180" count="300" type="cond" truecount="2" falsecount="0"/>
        <line num="181" count="300" type="cond" truecount="1" falsecount="1"/>
        <line num="182" count="20" type="cond" truecount="1" falsecount="0"/>
        <line num="183" count="20" type="cond" truecount="2" falsecount="0"/>
        <line num="184" count="336" type="cond" truecount="2" falsecount="0"/>
        <line num="185" count="336" type="cond" truecount="1" falsecount="0"/>
        <line num="186" count="336" type="stmt"/>
        <line num="187" count="388" type="cond" truecount="2" falsecount="0"/>
        <line num="188" count="388" type="stmt"/>
        <line num="189" count="0" type="stmt"/>
        <line num="190" count="0" type="cond" truecount="1" falsecount="0"/>
        <line num="191" count="0" type="stmt"/>
        <line num="192" count="0" type="stmt"/>
        <line num="193" count="0" type="stmt"/>
        <line num="194" count="1" type="stmt"/>
        <line num="195" count="1" type="cond" truecount="1" falsecount="0"/>
        <line num="196" count="312" type="stmt"/>
        <line num="197" count="312" type="cond" truecount="3" falsecount="0"/>
        <line num="198" count="371" type="cond" truecount="3" falsecount="0"/>
        <line num="199" count="24" type="cond" truecount="2" falsecount="1"/>
        <line num="200" count="24" type="cond" truecount="1" falsecount="0"/>
        <line num="201" count="24" type="stmt"/>
        <line num="202" count="20" type="cond" truecount="3" falsecount="1"/>
        <line num="203" count="1" type="cond" truecount="1" falsecount="0"/>
        <line num="204" count="1" type="cond" truecount="1" falsecount="0"/>
        <line num="205" count="1" type="stmt"/>
        <line num="206" count="1" type="stmt"/>
        <line num="207" count="1" type="stmt"/>
        <line num="208" count="1" type="stmt"/>
        <line num="209" count="1" type="stmt"/>
        <line num="210" count="47" type="cond" truecount="1" falsecount="0"/>
        <line num="211" count="47" type="stmt"/>
        <line num="212" count="217" type="stmt"/>
        <line num="213" count="1" type="cond" truecount="2" falsecount="0"/>
        <line num="214" count="306" type="cond" truecount="1" falsecount="0"/>
        <line num="215" count="1380" type="stmt"/>
        <line num="216" count="1380" type="stmt"/>
        <line num="217" count="1380" type="cond" truecount="5" falsecount="0"/>
        <line num="218" count="254" type="cond" truecount="6" falsecount="0"/>
        <line num="219" count="20" type="stmt"/>
        <line num="220" count="20" type="cond" truecount="2" falsecount="1"/>
        <line num="221" count="50" type="stmt"/>
        <line num="222" count="48" type="cond" truecount="2" falsecount="0"/>
        <line num="223" count="780" type="cond" truecount="3" falsecount="1"/>
        <line num="224" count="780" type="cond" truecount="1" falsecount="0"/>
        <line num="225" count="780" type="cond" truecount="2" falsecount="0"/>
        <line num="226" count="300" type="stmt"/>
        <line num="227" count="300" type="stmt"/>
        <line num="228" count="312" type="cond" truecount="2" falsecount="0"/>
        <line num="229" count="7" type="cond" truecount="2" falsecount="0"/>
        <line num="230" count="378" type="stmt"/>
        <line num="231" count="378" type="stmt"/>
        <line num="232" count="378" type="cond" truecount="2" falsecount="0"/>
        <line num="233" count="60" type="stmt"/>
        <line num="234" count="60" type="cond" truecount="1" falsecount="0"/>
        <line num="235" count="60" type="stmt"/>
        <line num="236" count="364" type="stmt"/>
        <line num="237" count="364" type="cond" truecount="0" falsecount="1"/>
        <line num="238" count="364" type="stmt"/>
        <line num="239" count="364" type="stmt"/>
        <line num="240" count="364" type="stmt"/>
        <line num="241" count="364" type="stmt"/>
        <line num="242" count="364" type="stmt"/>
        <line num="243" count="1" type="cond" truecount="1" falsecount="0"/>
        <line num="244" count="1037" type="stmt"/>
        <line num="245" count="1037" type="stmt"/>
        <line num="246" count="1037" type="stmt"/>
        <line num="247" count="1" type="stmt"/>
        <line num="248" count="1" type="stmt"/>
        <line num="249" count="1" type="stmt"/>
        <line num="250" count="1" type="stmt"/>
        <line num="251" count="1" type="stmt"/>
        <line num="252" count="1" type="stmt"/>
        <line num="253" count="1" type="stmt"/>
        <line num="254" count="1" type="stmt"/>
        <line num="255" count="1" type="stmt"/>
        <line num="256" count="1" type="stmt"/>
        <line num="257" count="1" type="stmt"/>
        <line num="258" count="1" type="stmt"/>
        <line num="259" count="1" type="stmt"/>
        <line num="260" count="1" type="stmt"/>
        <line num="261" count="1" type="stmt"/>
        <line num="262" count="1" type="stmt"/>
      </file>
      <file name="core.js" path="/home/arthur/projects/svelte/v2-svelte-client-router/src/stores/core.js">
        <metrics statements="164" coveredstatements="149" conditionals="73" coveredconditionals="73" methods="46" coveredmethods="38"/>
        <line num="1" count="1" type="stmt"/>
        <line num="2" count="1" type="stmt"/>
        <line num="3" count="1" type="stmt"/>
        <line num="4" count="1" type="stmt"/>
        <line num="5" count="1" type="stmt"/>
        <line num="6" count="1" type="stmt"/>
        <line num="7" count="1" type="stmt"/>
        <line num="8" count="1" type="stmt"/>
        <line num="9" count="1" type="stmt"/>
        <line num="10" count="1" type="stmt"/>
        <line num="11" count="1" type="stmt"/>
        <line num="12" count="1" type="stmt"/>
        <line num="13" count="1" type="stmt"/>
        <line num="14" count="1" type="stmt"/>
        <line num="15" count="1" type="stmt"/>
        <line num="16" count="1" type="stmt"/>
        <line num="17" count="1" type="stmt"/>
        <line num="18" count="1" type="stmt"/>
        <line num="19" count="1" type="stmt"/>
        <line num="20" count="1" type="stmt"/>
        <line num="21" count="0" type="stmt"/>
        <line num="22" count="0" type="stmt"/>
        <line num="23" count="0" type="stmt"/>
        <line num="24" count="0" type="stmt"/>
        <line num="25" count="0" type="cond" truecount="2" falsecount="0"/>
        <line num="26" count="0" type="stmt"/>
        <line num="27" count="0" type="cond" truecount="4" falsecount="0"/>
        <line num="28" count="206" type="stmt"/>
        <line num="29" count="0" type="cond" truecount="1" falsecount="0"/>
        <line num="30" count="0" type="cond" truecount="1" falsecount="0"/>
        <line num="31" count="0" type="cond" truecount="2" falsecount="0"/>
        <line num="32" count="2038" type="cond" truecount="1" falsecount="0"/>
        <line num="33" count="2038" type="cond" truecount="1" falsecount="0"/>
        <line num="34" count="2038" type="stmt"/>
        <line num="35" count="2038" type="stmt"/>
        <line num="36" count="2038" type="cond" truecount="5" falsecount="0"/>
        <line num="37" count="1037" type="stmt"/>
        <line num="38" count="987" type="cond" truecount="1" falsecount="0"/>
        <line num="39" count="4" type="cond" truecount="2" falsecount="0"/>
        <line num="40" count="4" type="cond" truecount="1" falsecount="0"/>
        <line num="41" count="0" type="stmt"/>
        <line num="42" count="0" type="stmt"/>
        <line num="43" count="0" type="cond" truecount="1" falsecount="0"/>
        <line num="44" count="0" type="stmt"/>
        <line num="45" count="0" type="stmt"/>
        <line num="46" count="189" type="cond" truecount="2" falsecount="0"/>
        <line num="47" count="4" type="cond" truecount="1" falsecount="0"/>
        <line num="48" count="1" type="cond" truecount="3" falsecount="0"/>
        <line num="49" count="381" type="stmt"/>
        <line num="50" count="381" type="stmt"/>
        <line num="51" count="381" type="cond" truecount="4" falsecount="0"/>
        <line num="52" count="6" type="stmt"/>
        <line num="53" count="6" type="stmt"/>
        <line num="54" count="381" type="cond" truecount="2" falsecount="0"/>
        <line num="55" count="3" type="cond" truecount="1" falsecount="0"/>
        <line num="56" count="21" type="stmt"/>
        <line num="57" count="21" type="stmt"/>
        <line num="58" count="1" type="stmt"/>
        <line num="59" count="1" type="stmt"/>
        <line num="60" count="1" type="stmt"/>
        <line num="61" count="1" type="cond" truecount="1" falsecount="0"/>
        <line num="62" count="5" type="stmt"/>
        <line num="63" count="1" type="cond" truecount="2" falsecount="0"/>
        <line num="64" count="1023" type="stmt"/>
        <line num="65" count="1023" type="stmt"/>
        <line num="66" count="1023" type="cond" truecount="2" falsecount="0"/>
        <line num="67" count="7" type="stmt"/>
        <line num="68" count="7" type="stmt"/>
        <line num="69" count="1023" type="cond" truecount="2" falsecount="0"/>
        <line num="70" count="3" type="cond" truecount="1" falsecount="0"/>
        <line num="71" count="21" type="stmt"/>
        <line num="72" count="21" type="stmt"/>
        <line num="73" count="1" type="stmt"/>
        <line num="74" count="1" type="stmt"/>
        <line num="75" count="1" type="stmt"/>
        <line num="76" count="1" type="cond" truecount="1" falsecount="0"/>
        <line num="77" count="3" type="cond" truecount="1" falsecount="0"/>
        <line num="78" count="1023" type="cond" truecount="1" falsecount="0"/>
        <line num="79" count="1023" type="stmt"/>
        <line num="80" count="1023" type="cond" truecount="3" falsecount="0"/>
        <line num="81" count="1016" type="stmt"/>
        <line num="82" count="1016" type="stmt"/>
        <line num="83" count="1016" type="cond" truecount="1" falsecount="0"/>
        <line num="84" count="5" type="cond" truecount="1" falsecount="0"/>
        <line num="85" count="21" type="stmt"/>
        <line num="86" count="21" type="stmt"/>
        <line num="87" count="21" type="stmt"/>
        <line num="88" count="1" type="stmt"/>
        <line num="89" count="1" type="stmt"/>
        <line num="90" count="1" type="stmt"/>
        <line num="91" count="1" type="cond" truecount="1" falsecount="0"/>
        <line num="92" count="9" type="cond" truecount="1" falsecount="0"/>
        <line num="93" count="21" type="stmt"/>
        <line num="94" count="21" type="stmt"/>
        <line num="95" count="21" type="cond" truecount="1" falsecount="0"/>
        <line num="96" count="198" type="cond" truecount="1" falsecount="0"/>
        <line num="97" count="198" type="stmt"/>
        <line num="98" count="198" type="stmt"/>
        <line num="99" count="198" type="cond" truecount="1" falsecount="0"/>
        <line num="100" count="14" type="cond" truecount="1" falsecount="0"/>
        <line num="101" count="6" type="stmt"/>
        <line num="102" count="6" type="stmt"/>
        <line num="103" count="6" type="stmt"/>
        <line num="104" count="1" type="cond" truecount="1" falsecount="0"/>
        <line num="105" count="1" type="stmt"/>
        <line num="106" count="1" type="stmt"/>
        <line num="107" count="1" type="cond" truecount="1" falsecount="0"/>
        <line num="108" count="5" type="stmt"/>
        <line num="109" count="5" type="stmt"/>
        <line num="110" count="5" type="stmt"/>
        <line num="111" count="1" type="cond" truecount="1" falsecount="0"/>
        <line num="112" count="3" type="cond" truecount="1" falsecount="0"/>
        <line num="113" count="21" type="stmt"/>
        <line num="114" count="21" type="stmt"/>
        <line num="115" count="21" type="cond" truecount="1" falsecount="0"/>
        <line num="116" count="1" type="cond" truecount="2" falsecount="0"/>
        <line num="117" count="1023" type="stmt"/>
        <line num="118" count="1023" type="cond" truecount="1" falsecount="0"/>
        <line num="119" count="4" type="stmt"/>
        <line num="120" count="4" type="stmt"/>
        <line num="121" count="4" type="stmt"/>
        <line num="122" count="1" type="cond" truecount="1" falsecount="0"/>
        <line num="123" count="3" type="stmt"/>
        <line num="124" count="3" type="stmt"/>
        <line num="125" count="3" type="stmt"/>
        <line num="126" count="1" type="stmt"/>
        <line num="127" count="1" type="cond" truecount="1" falsecount="0"/>
        <line num="128" count="1051" type="stmt"/>
        <line num="129" count="1" type="cond" truecount="2" falsecount="0"/>
        <line num="130" count="994" type="stmt"/>
        <line num="131" count="994" type="stmt"/>
        <line num="132" count="994" type="stmt"/>
        <line num="133" count="1" type="cond" truecount="2" falsecount="0"/>
        <line num="134" count="5" type="stmt"/>
        <line num="135" count="5" type="stmt"/>
        <line num="136" count="5" type="stmt"/>
        <line num="137" count="1" type="stmt"/>
        <line num="138" count="1" type="stmt"/>
        <line num="139" count="1" type="stmt"/>
        <line num="140" count="1" type="stmt"/>
        <line num="141" count="1" type="stmt"/>
        <line num="142" count="1" type="cond" truecount="1" falsecount="0"/>
        <line num="143" count="1011" type="stmt"/>
        <line num="144" count="1011" type="stmt"/>
        <line num="145" count="1011" type="stmt"/>
        <line num="146" count="1011" type="stmt"/>
        <line num="147" count="1011" type="stmt"/>
        <line num="148" count="1" type="cond" truecount="1" falsecount="0"/>
        <line num="149" count="9" type="stmt"/>
        <line num="150" count="1" type="stmt"/>
        <line num="151" count="1" type="stmt"/>
        <line num="152" count="1" type="stmt"/>
        <line num="153" count="1" type="stmt"/>
        <line num="154" count="1" type="stmt"/>
        <line num="155" count="1" type="stmt"/>
        <line num="156" count="1" type="stmt"/>
        <line num="157" count="1" type="stmt"/>
        <line num="158" count="1" type="stmt"/>
        <line num="159" count="1" type="stmt"/>
        <line num="160" count="1" type="stmt"/>
        <line num="161" count="1" type="stmt"/>
        <line num="162" count="1" type="stmt"/>
        <line num="163" count="1" type="stmt"/>
        <line num="164" count="1" type="stmt"/>
      </file>
      <file name="index.js" path="/home/arthur/projects/svelte/v2-svelte-client-router/src/stores/index.js">
        <metrics statements="6" coveredstatements="6" conditionals="0" coveredconditionals="0" methods="0" coveredmethods="0"/>
        <line num="1" count="1" type="stmt"/>
        <line num="2" count="1" type="stmt"/>
        <line num="3" count="1" type="stmt"/>
        <line num="4" count="1" type="stmt"/>
        <line num="5" count="1" type="stmt"/>
        <line num="6" count="1" type="stmt"/>
      </file>
      <file name="navigate.js" path="/home/arthur/projects/svelte/v2-svelte-client-router/src/stores/navigate.js">
        <metrics statements="164" coveredstatements="123" conditionals="58" coveredconditionals="55" methods="38" coveredmethods="21"/>
        <line num="1" count="1" type="stmt"/>
        <line num="2" count="1" type="stmt"/>
        <line num="3" count="1" type="stmt"/>
        <line num="4" count="1" type="stmt"/>
        <line num="5" count="1" type="stmt"/>
        <line num="6" count="1" type="stmt"/>
        <line num="7" count="1" type="stmt"/>
        <line num="8" count="1" type="stmt"/>
        <line num="9" count="1" type="stmt"/>
        <line num="10" count="1" type="stmt"/>
        <line num="11" count="1" type="stmt"/>
        <line num="12" count="1" type="stmt"/>
        <line num="13" count="1" type="stmt"/>
        <line num="14" count="1" type="stmt"/>
        <line num="15" count="1" type="stmt"/>
        <line num="16" count="1" type="stmt"/>
        <line num="17" count="1" type="stmt"/>
        <line num="18" count="0" type="stmt"/>
        <line num="19" count="0" type="cond" truecount="2" falsecount="0"/>
        <line num="20" count="24" type="cond" truecount="3" falsecount="0"/>
        <line num="21" count="24" type="cond" truecount="2" falsecount="0"/>
        <line num="22" count="20" type="stmt"/>
        <line num="23" count="20" type="cond" truecount="1" falsecount="0"/>
        <line num="24" count="20" type="cond" truecount="1" falsecount="0"/>
        <line num="25" count="0" type="stmt"/>
        <line num="26" count="0" type="stmt"/>
        <line num="27" count="0" type="cond" truecount="1" falsecount="0"/>
        <line num="28" count="0" type="stmt"/>
        <line num="29" count="38" type="cond" truecount="2" falsecount="0"/>
        <line num="30" count="4" type="stmt"/>
        <line num="31" count="4" type="stmt"/>
        <line num="32" count="4" type="cond" truecount="1" falsecount="0"/>
        <line num="33" count="12" type="stmt"/>
        <line num="34" count="12" type="stmt"/>
        <line num="35" count="12" type="stmt"/>
        <line num="36" count="1" type="stmt"/>
        <line num="37" count="1" type="cond" truecount="1" falsecount="0"/>
        <line num="38" count="24" type="stmt"/>
        <line num="39" count="24" type="cond" truecount="2" falsecount="0"/>
        <line num="40" count="35" type="cond" truecount="3" falsecount="0"/>
        <line num="41" count="2" type="cond" truecount="1" falsecount="0"/>
        <line num="42" count="2" type="stmt"/>
        <line num="43" count="33" type="cond" truecount="2" falsecount="0"/>
        <line num="44" count="4" type="stmt"/>
        <line num="45" count="4" type="stmt"/>
        <line num="46" count="4" type="cond" truecount="1" falsecount="0"/>
        <line num="47" count="11" type="stmt"/>
        <line num="48" count="0" type="stmt"/>
        <line num="49" count="0" type="stmt"/>
        <line num="50" count="1" type="stmt"/>
        <line num="51" count="1" type="cond" truecount="1" falsecount="0"/>
        <line num="52" count="24" type="stmt"/>
        <line num="53" count="24" type="cond" truecount="2" falsecount="0"/>
        <line num="54" count="36" type="cond" truecount="3" falsecount="0"/>
        <line num="55" count="2" type="cond" truecount="1" falsecount="0"/>
        <line num="56" count="2" type="stmt"/>
        <line num="57" count="34" type="cond" truecount="2" falsecount="0"/>
        <line num="58" count="0" type="stmt"/>
        <line num="59" count="0" type="stmt"/>
        <line num="60" count="0" type="cond" truecount="1" falsecount="0"/>
        <line num="61" count="11" type="stmt"/>
        <line num="62" count="11" type="stmt"/>
        <line num="63" count="11" type="stmt"/>
        <line num="64" count="1" type="stmt"/>
        <line num="65" count="1" type="cond" truecount="1" falsecount="0"/>
        <line num="66" count="24" type="stmt"/>
        <line num="67" count="24" type="cond" truecount="1" falsecount="0"/>
        <line num="68" count="45" type="cond" truecount="2" falsecount="0"/>
        <line num="69" count="0" type="cond" truecount="1" falsecount="0"/>
        <line num="70" count="4" type="cond" truecount="1" falsecount="0"/>
        <line num="71" count="4" type="cond" truecount="1" falsecount="0"/>
        <line num="72" count="4" type="stmt"/>
        <line num="73" count="4" type="stmt"/>
        <line num="74" count="0" type="cond" truecount="1" falsecount="0"/>
        <line num="75" count="4" type="stmt"/>
        <line num="76" count="4" type="stmt"/>
        <line num="77" count="4" type="stmt"/>
        <line num="78" count="1" type="stmt"/>
        <line num="79" count="1" type="cond" truecount="1" falsecount="0"/>
        <line num="80" count="24" type="stmt"/>
        <line num="81" count="24" type="cond" truecount="1" falsecount="0"/>
        <line num="82" count="45" type="cond" truecount="2" falsecount="0"/>
        <line num="83" count="13" type="cond" truecount="1" falsecount="0"/>
        <line num="84" count="13" type="stmt"/>
        <line num="85" count="32" type="cond" truecount="2" falsecount="0"/>
        <line num="86" count="4" type="stmt"/>
        <line num="87" count="4" type="stmt"/>
        <line num="88" count="4" type="cond" truecount="1" falsecount="0"/>
        <line num="89" count="0" type="stmt"/>
        <line num="90" count="0" type="stmt"/>
        <line num="91" count="0" type="stmt"/>
        <line num="92" count="0" type="stmt"/>
        <line num="93" count="0" type="stmt"/>
        <line num="94" count="0" type="stmt"/>
        <line num="95" count="0" type="cond" truecount="1" falsecount="0"/>
        <line num="96" count="8" type="stmt"/>
        <line num="97" count="8" type="stmt"/>
        <line num="98" count="1" type="cond" truecount="1" falsecount="0"/>
        <line num="99" count="1" type="stmt"/>
        <line num="100" count="1" type="stmt"/>
        <line num="101" count="1" type="stmt"/>
        <line num="102" count="1" type="stmt"/>
        <line num="103" count="7" type="cond" truecount="1" falsecount="0"/>
        <line num="104" count="7" type="stmt"/>
        <line num="105" count="7" type="stmt"/>
        <line num="106" count="6" type="cond" truecount="1" falsecount="0"/>
        <line num="107" count="6" type="stmt"/>
        <line num="108" count="6" type="stmt"/>
        <line num="109" count="3" type="cond" truecount="1" falsecount="0"/>
        <line num="110" count="3" type="stmt"/>
        <line num="111" count="3" type="stmt"/>
        <line num="112" count="3" type="stmt"/>
        <line num="113" count="3" type="stmt"/>
        <line num="114" count="3" type="stmt"/>
        <line num="115" count="3" type="stmt"/>
        <line num="116" count="3" type="cond" truecount="0" falsecount="1"/>
        <line num="117" count="0" type="stmt"/>
        <line num="118" count="0" type="stmt"/>
        <line num="119" count="0" type="stmt"/>
        <line num="120" count="0" type="stmt"/>
        <line num="121" count="0" type="stmt"/>
        <line num="122" count="0" type="stmt"/>
        <line num="123" count="8" type="cond" truecount="1" falsecount="0"/>
        <line num="124" count="1" type="stmt"/>
        <line num="125" count="1" type="stmt"/>
        <line num="126" count="1" type="cond" truecount="0" falsecount="1"/>
        <line num="127" count="0" type="stmt"/>
        <line num="128" count="0" type="stmt"/>
        <line num="129" count="0" type="stmt"/>
        <line num="130" count="0" type="stmt"/>
        <line num="131" count="0" type="stmt"/>
        <line num="132" count="8" type="cond" truecount="0" falsecount="1"/>
        <line num="133" count="0" type="stmt"/>
        <line num="134" count="0" type="stmt"/>
        <line num="135" count="0" type="stmt"/>
        <line num="136" count="8" type="stmt"/>
        <line num="137" count="1" type="stmt"/>
        <line num="138" count="1" type="stmt"/>
        <line num="139" count="0" type="stmt"/>
        <line num="140" count="1" type="stmt"/>
        <line num="141" count="0" type="stmt"/>
        <line num="142" count="0" type="stmt"/>
        <line num="143" count="0" type="stmt"/>
        <line num="144" count="0" type="stmt"/>
        <line num="145" count="0" type="stmt"/>
        <line num="146" count="0" type="stmt"/>
        <line num="147" count="1" type="stmt"/>
        <line num="148" count="1" type="stmt"/>
        <line num="149" count="1" type="stmt"/>
        <line num="150" count="1" type="stmt"/>
        <line num="151" count="1" type="stmt"/>
        <line num="152" count="1" type="stmt"/>
        <line num="153" count="1" type="stmt"/>
        <line num="154" count="1" type="stmt"/>
        <line num="155" count="1" type="stmt"/>
        <line num="156" count="1" type="stmt"/>
        <line num="157" count="1" type="stmt"/>
        <line num="158" count="1" type="stmt"/>
        <line num="159" count="1" type="stmt"/>
        <line num="160" count="1" type="stmt"/>
        <line num="161" count="1" type="stmt"/>
        <line num="162" count="1" type="stmt"/>
        <line num="163" count="1" type="stmt"/>
        <line num="164" count="1" type="stmt"/>
      </file>
      <file name="routes.js" path="/home/arthur/projects/svelte/v2-svelte-client-router/src/stores/routes.js">
        <metrics statements="145" coveredstatements="111" conditionals="73" coveredconditionals="58" methods="36" coveredmethods="25"/>
        <line num="1" count="1" type="stmt"/>
        <line num="2" count="1" type="stmt"/>
        <line num="3" count="1" type="stmt"/>
        <line num="4" count="1" type="stmt"/>
        <line num="5" count="1" type="stmt"/>
        <line num="6" count="1" type="stmt"/>
        <line num="7" count="1" type="stmt"/>
        <line num="8" count="1" type="stmt"/>
        <line num="9" count="1" type="stmt"/>
        <line num="10" count="1" type="stmt"/>
        <line num="11" count="1" type="stmt"/>
        <line num="12" count="1" type="stmt"/>
        <line num="13" count="1" type="stmt"/>
        <line num="14" count="1" type="stmt"/>
        <line num="15" count="1" type="stmt"/>
        <line num="16" count="1" type="stmt"/>
        <line num="17" count="1" type="stmt"/>
        <line num="18" count="1" type="stmt"/>
        <line num="19" count="1" type="stmt"/>
        <line num="20" count="1" type="stmt"/>
        <line num="21" count="1" type="stmt"/>
        <line num="22" count="1" type="stmt"/>
        <line num="23" count="1" type="stmt"/>
        <line num="24" count="1" type="stmt"/>
        <line num="25" count="1" type="stmt"/>
        <line num="26" count="1" type="stmt"/>
        <line num="27" count="1" type="stmt"/>
        <line num="28" count="1" type="stmt"/>
        <line num="29" count="1" type="stmt"/>
        <line num="30" count="1" type="stmt"/>
        <line num="31" count="1" type="stmt"/>
        <line num="32" count="1" type="stmt"/>
        <line num="33" count="1" type="stmt"/>
        <line num="34" count="1" type="stmt"/>
        <line num="35" count="1" type="cond" truecount="3" falsecount="0"/>
        <line num="36" count="272" type="cond" truecount="1" falsecount="0"/>
        <line num="37" count="0" type="cond" truecount="2" falsecount="0"/>
        <line num="38" count="0" type="cond" truecount="2" falsecount="0"/>
        <line num="39" count="0" type="cond" truecount="1" falsecount="1"/>
        <line num="40" count="0" type="stmt"/>
        <line num="41" count="0" type="cond" truecount="2" falsecount="1"/>
        <line num="42" count="0" type="stmt"/>
        <line num="43" count="0" type="cond" truecount="2" falsecount="1"/>
        <line num="44" count="0" type="cond" truecount="7" falsecount="1"/>
        <line num="45" count="0" type="cond" truecount="1" falsecount="0"/>
        <line num="46" count="0" type="cond" truecount="4" falsecount="2"/>
        <line num="47" count="0" type="stmt"/>
        <line num="48" count="0" type="stmt"/>
        <line num="49" count="0" type="cond" truecount="3" falsecount="0"/>
        <line num="50" count="0" type="cond" truecount="1" falsecount="0"/>
        <line num="51" count="0" type="cond" truecount="1" falsecount="2"/>
        <line num="52" count="0" type="stmt"/>
        <line num="53" count="0" type="stmt"/>
        <line num="54" count="0" type="stmt"/>
        <line num="55" count="54" type="cond" truecount="3" falsecount="0"/>
        <line num="56" count="255" type="stmt"/>
        <line num="57" count="255" type="stmt"/>
        <line num="58" count="255" type="cond" truecount="2" falsecount="0"/>
        <line num="59" count="0" type="cond" truecount="1" falsecount="0"/>
        <line num="60" count="11" type="stmt"/>
        <line num="61" count="11" type="stmt"/>
        <line num="62" count="11" type="cond" truecount="1" falsecount="0"/>
        <line num="63" count="166" type="stmt"/>
        <line num="64" count="166" type="stmt"/>
        <line num="65" count="166" type="stmt"/>
        <line num="66" count="166" type="stmt"/>
        <line num="67" count="1" type="stmt"/>
        <line num="68" count="0" type="stmt"/>
        <line num="69" count="0" type="stmt"/>
        <line num="70" count="0" type="cond" truecount="1" falsecount="0"/>
        <line num="71" count="1028" type="stmt"/>
        <line num="72" count="1028" type="stmt"/>
        <line num="73" count="1028" type="stmt"/>
        <line num="74" count="0" type="cond" truecount="1" falsecount="0"/>
        <line num="75" count="1195" type="stmt"/>
        <line num="76" count="1195" type="stmt"/>
        <line num="77" count="1195" type="stmt"/>
        <line num="78" count="0" type="stmt"/>
        <line num="79" count="0" type="stmt"/>
        <line num="80" count="0" type="stmt"/>
        <line num="81" count="1" type="cond" truecount="2" falsecount="0"/>
        <line num="82" count="1028" type="cond" truecount="2" falsecount="0"/>
        <line num="83" count="0" type="stmt"/>
        <line num="84" count="0" type="stmt"/>
        <line num="85" count="0" type="cond" truecount="1" falsecount="0"/>
        <line num="86" count="38" type="stmt"/>
        <line num="87" count="38" type="stmt"/>
        <line num="88" count="38" type="stmt"/>
        <line num="89" count="1" type="stmt"/>
        <line num="90" count="1" type="stmt"/>
        <line num="91" count="1" type="stmt"/>
        <line num="92" count="1" type="cond" truecount="1" falsecount="0"/>
        <line num="93" count="1295" type="stmt"/>
        <line num="94" count="1295" type="stmt"/>
        <line num="95" count="1295" type="stmt"/>
        <line num="96" count="1295" type="stmt"/>
        <line num="97" count="1295" type="stmt"/>
        <line num="98" count="1295" type="stmt"/>
        <line num="99" count="1" type="stmt"/>
        <line num="100" count="1" type="stmt"/>
        <line num="101" count="1" type="stmt"/>
        <line num="102" count="1" type="cond" truecount="2" falsecount="0"/>
        <line num="103" count="120" type="stmt"/>
        <line num="104" count="0" type="cond" truecount="0" falsecount="2"/>
        <line num="105" count="0" type="stmt"/>
        <line num="106" count="120" type="stmt"/>
        <line num="107" count="120" type="stmt"/>
        <line num="108" count="120" type="stmt"/>
        <line num="109" count="0" type="cond" truecount="0" falsecount="2"/>
        <line num="110" count="0" type="stmt"/>
        <line num="111" count="0" type="stmt"/>
        <line num="112" count="120" type="stmt"/>
        <line num="113" count="120" type="stmt"/>
        <line num="114" count="120" type="stmt"/>
        <line num="115" count="1" type="cond" truecount="2" falsecount="0"/>
        <line num="116" count="12" type="stmt"/>
        <line num="117" count="4" type="cond" truecount="2" falsecount="0"/>
        <line num="118" count="4" type="stmt"/>
        <line num="119" count="12" type="cond" truecount="2" falsecount="2"/>
        <line num="120" count="12" type="stmt"/>
        <line num="121" count="12" type="stmt"/>
        <line num="122" count="12" type="stmt"/>
        <line num="123" count="12" type="stmt"/>
        <line num="124" count="1" type="cond" truecount="2" falsecount="0"/>
        <line num="125" count="6" type="cond" truecount="0" falsecount="1"/>
        <line num="126" count="6" type="stmt"/>
        <line num="127" count="6" type="stmt"/>
        <line num="128" count="6" type="cond" truecount="2" falsecount="0"/>
        <line num="129" count="4" type="stmt"/>
        <line num="130" count="4" type="stmt"/>
        <line num="131" count="4" type="stmt"/>
        <line num="132" count="4" type="stmt"/>
        <line num="133" count="1" type="cond" truecount="1" falsecount="0"/>
        <line num="134" count="20" type="stmt"/>
        <line num="135" count="20" type="stmt"/>
        <line num="136" count="20" type="stmt"/>
        <line num="137" count="20" type="stmt"/>
        <line num="138" count="20" type="stmt"/>
        <line num="139" count="1" type="stmt"/>
        <line num="140" count="1" type="stmt"/>
        <line num="141" count="1" type="stmt"/>
        <line num="142" count="1" type="stmt"/>
        <line num="143" count="1" type="stmt"/>
        <line num="144" count="1" type="stmt"/>
        <line num="145" count="1" type="stmt"/>
      </file>
      <file name="storage.js" path="/home/arthur/projects/svelte/v2-svelte-client-router/src/stores/storage.js">
        <metrics statements="11" coveredstatements="11" conditionals="0" coveredconditionals="0" methods="0" coveredmethods="0"/>
        <line num="1" count="1" type="stmt"/>
        <line num="2" count="1" type="stmt"/>
        <line num="3" count="1" type="stmt"/>
        <line num="4" count="1" type="stmt"/>
        <line num="5" count="1" type="stmt"/>
        <line num="6" count="1" type="stmt"/>
        <line num="7" count="1" type="stmt"/>
        <line num="8" count="1" type="stmt"/>
        <line num="9" count="1" type="stmt"/>
        <line num="10" count="1" type="stmt"/>
        <line num="11" count="1" type="stmt"/>
      </file>
    </package>
  </project>
</coverage>
