<?xml version="1.0" encoding="UTF-8"?>
<coverage generated="1662408626160" clover="3.2.0">
  <project timestamp="1662408626160" name="All files">
    <metrics statements="1175" coveredstatements="955" conditionals="381" coveredconditionals="325" methods="232" coveredmethods="156" elements="1788" coveredelements="1436" complexity="0" loc="1175" ncloc="1175" packages="5" files="10" classes="10"/>
    <package name="components">
      <metrics statements="23" coveredstatements="23" conditionals="0" coveredconditionals="0" methods="0" coveredmethods="0"/>
      <file name="SCR_NotFound.svelte" path="/home/arthur/projects/svelte/v2-svelte-client-router/src/components/SCR_NotFound.svelte">
        <metrics statements="23" coveredstatements="23" conditionals="0" coveredconditionals="0" methods="0" coveredmethods="0"/>
        <line num="1" count="1" type="stmt"/>
        <line num="2" count="1" type="stmt"/>
        <line num="3" count="1" type="stmt"/>
        <line num="4" count="1" type="stmt"/>
        <line num="5" count="1" type="stmt"/>
        <line num="6" count="1" type="stmt"/>
        <line num="7" count="1" type="stmt"/>
        <line num="8" count="1" type="stmt"/>
        <line num="9" count="1" type="stmt"/>
        <line num="10" count="1" type="stmt"/>
        <line num="11" count="1" type="stmt"/>
        <line num="12" count="1" type="stmt"/>
        <line num="13" count="1" type="stmt"/>
        <line num="14" count="1" type="stmt"/>
        <line num="15" count="1" type="stmt"/>
        <line num="16" count="1" type="stmt"/>
        <line num="17" count="1" type="stmt"/>
        <line num="18" count="1" type="stmt"/>
        <line num="19" count="1" type="stmt"/>
        <line num="20" count="1" type="stmt"/>
        <line num="21" count="1" type="stmt"/>
        <line num="22" count="1" type="stmt"/>
        <line num="23" count="1" type="stmt"/>
      </file>
    </package>
    <package name="core">
      <metrics statements="231" coveredstatements="160" conditionals="54" coveredconditionals="32" methods="10" coveredmethods="9"/>
      <file name="baseFunctions.js" path="/home/arthur/projects/svelte/v2-svelte-client-router/src/core/baseFunctions.js">
        <metrics statements="231" coveredstatements="160" conditionals="54" coveredconditionals="32" methods="10" coveredmethods="9"/>
        <line num="1" count="1" type="stmt"/>
        <line num="2" count="1" type="stmt"/>
        <line num="3" count="1" type="stmt"/>
        <line num="4" count="1" type="stmt"/>
        <line num="5" count="1" type="cond" truecount="1" falsecount="0"/>
        <line num="6" count="1122" type="stmt"/>
        <line num="7" count="1122" type="stmt"/>
        <line num="8" count="0" type="cond" truecount="0" falsecount="1"/>
        <line num="9" count="0" type="stmt"/>
        <line num="10" count="1122" type="stmt"/>
        <line num="11" count="1122" type="cond" truecount="1" falsecount="0"/>
        <line num="12" count="2244" type="stmt"/>
        <line num="13" count="1122" type="stmt"/>
        <line num="14" count="1122" type="stmt"/>
        <line num="15" count="1122" type="cond" truecount="0" falsecount="1"/>
        <line num="16" count="0" type="stmt"/>
        <line num="17" count="0" type="stmt"/>
        <line num="18" count="0" type="stmt"/>
        <line num="19" count="1" type="stmt"/>
        <line num="20" count="1" type="stmt"/>
        <line num="21" count="1" type="stmt"/>
        <line num="22" count="1" type="cond" truecount="1" falsecount="0"/>
        <line num="23" count="1386" type="stmt"/>
        <line num="24" count="1386" type="stmt"/>
        <line num="25" count="0" type="cond" truecount="0" falsecount="1"/>
        <line num="26" count="0" type="stmt"/>
        <line num="27" count="1386" type="stmt"/>
        <line num="28" count="0" type="cond" truecount="0" falsecount="1"/>
        <line num="29" count="0" type="stmt"/>
        <line num="30" count="1386" type="stmt"/>
        <line num="31" count="264" type="cond" truecount="1" falsecount="0"/>
        <line num="32" count="264" type="stmt"/>
        <line num="33" count="264" type="stmt"/>
        <line num="34" count="1122" type="cond" truecount="1" falsecount="0"/>
        <line num="35" count="1122" type="stmt"/>
        <line num="36" count="2244" type="cond" truecount="1" falsecount="0"/>
        <line num="37" count="2244" type="stmt"/>
        <line num="38" count="1122" type="cond" truecount="1" falsecount="0"/>
        <line num="39" count="1122" type="stmt"/>
        <line num="40" count="1122" type="stmt"/>
        <line num="41" count="1122" type="stmt"/>
        <line num="42" count="1386" type="cond" truecount="0" falsecount="1"/>
        <line num="43" count="0" type="stmt"/>
        <line num="44" count="0" type="stmt"/>
        <line num="45" count="0" type="stmt"/>
        <line num="46" count="1" type="stmt"/>
        <line num="47" count="1" type="stmt"/>
        <line num="48" count="1" type="stmt"/>
        <line num="49" count="1" type="stmt"/>
        <line num="50" count="0" type="stmt"/>
        <line num="51" count="0" type="stmt"/>
        <line num="52" count="0" type="stmt"/>
        <line num="53" count="0" type="stmt"/>
        <line num="54" count="0" type="stmt"/>
        <line num="55" count="0" type="stmt"/>
        <line num="56" count="1" type="stmt"/>
        <line num="57" count="1" type="stmt"/>
        <line num="58" count="1" type="stmt"/>
        <line num="59" count="1" type="cond" truecount="1" falsecount="0"/>
        <line num="60" count="34992" type="stmt"/>
        <line num="61" count="34992" type="stmt"/>
        <line num="62" count="12" type="cond" truecount="1" falsecount="0"/>
        <line num="63" count="12" type="stmt"/>
        <line num="64" count="34980" type="cond" truecount="1" falsecount="0"/>
        <line num="65" count="34980" type="stmt"/>
        <line num="66" count="34980" type="stmt"/>
        <line num="67" count="34980" type="stmt"/>
        <line num="68" count="34980" type="stmt"/>
        <line num="69" count="34992" type="stmt"/>
        <line num="70" count="30108" type="cond" truecount="1" falsecount="0"/>
        <line num="71" count="30108" type="stmt"/>
        <line num="72" count="34980" type="cond" truecount="1" falsecount="0"/>
        <line num="73" count="34992" type="cond" truecount="0" falsecount="1"/>
        <line num="74" count="0" type="stmt"/>
        <line num="75" count="0" type="stmt"/>
        <line num="76" count="0" type="stmt"/>
        <line num="77" count="1" type="stmt"/>
        <line num="78" count="1" type="stmt"/>
        <line num="79" count="1" type="stmt"/>
        <line num="80" count="1" type="cond" truecount="1" falsecount="0"/>
        <line num="81" count="1332" type="stmt"/>
        <line num="82" count="1332" type="stmt"/>
        <line num="83" count="1332" type="stmt"/>
        <line num="84" count="1332" type="stmt"/>
        <line num="85" count="0" type="cond" truecount="0" falsecount="1"/>
        <line num="86" count="0" type="stmt"/>
        <line num="87" count="0" type="stmt"/>
        <line num="88" count="0" type="stmt"/>
        <line num="89" count="0" type="stmt"/>
        <line num="90" count="0" type="stmt"/>
        <line num="91" count="1" type="stmt"/>
        <line num="92" count="1" type="stmt"/>
        <line num="93" count="1" type="stmt"/>
        <line num="94" count="1" type="cond" truecount="1" falsecount="0"/>
        <line num="95" count="1332" type="stmt"/>
        <line num="96" count="1332" type="stmt"/>
        <line num="97" count="0" type="cond" truecount="0" falsecount="1"/>
        <line num="98" count="0" type="stmt"/>
        <line num="99" count="0" type="stmt"/>
        <line num="100" count="1332" type="stmt"/>
        <line num="101" count="1308" type="cond" truecount="1" falsecount="0"/>
        <line num="102" count="1332" type="cond" truecount="1" falsecount="0"/>
        <line num="103" count="24" type="stmt"/>
        <line num="104" count="24" type="stmt"/>
        <line num="105" count="24" type="stmt"/>
        <line num="106" count="1332" type="stmt"/>
        <line num="107" count="6" type="cond" truecount="1" falsecount="0"/>
        <line num="108" count="6" type="stmt"/>
        <line num="109" count="6" type="stmt"/>
        <line num="110" count="0" type="cond" truecount="0" falsecount="1"/>
        <line num="111" count="0" type="stmt"/>
        <line num="112" count="1326" type="cond" truecount="1" falsecount="0"/>
        <line num="113" count="1332" type="cond" truecount="0" falsecount="1"/>
        <line num="114" count="0" type="stmt"/>
        <line num="115" count="0" type="stmt"/>
        <line num="116" count="0" type="stmt"/>
        <line num="117" count="1" type="stmt"/>
        <line num="118" count="1" type="stmt"/>
        <line num="119" count="1" type="stmt"/>
        <line num="120" count="1" type="cond" truecount="1" falsecount="0"/>
        <line num="121" count="1398" type="stmt"/>
        <line num="122" count="1398" type="stmt"/>
        <line num="123" count="1398" type="stmt"/>
        <line num="124" count="1398" type="stmt"/>
        <line num="125" count="1398" type="stmt"/>
        <line num="126" count="1398" type="stmt"/>
        <line num="127" count="1398" type="stmt"/>
        <line num="128" count="1398" type="stmt"/>
        <line num="129" count="1398" type="stmt"/>
        <line num="130" count="1398" type="stmt"/>
        <line num="131" count="1398" type="stmt"/>
        <line num="132" count="1398" type="stmt"/>
        <line num="133" count="1398" type="stmt"/>
        <line num="134" count="1398" type="stmt"/>
        <line num="135" count="0" type="cond" truecount="0" falsecount="1"/>
        <line num="136" count="0" type="stmt"/>
        <line num="137" count="1398" type="cond" truecount="0" falsecount="1"/>
        <line num="138" count="1398" type="stmt"/>
        <line num="139" count="1398" type="stmt"/>
        <line num="140" count="1398" type="stmt"/>
        <line num="141" count="1398" type="cond" truecount="0" falsecount="2"/>
        <line num="142" count="1398" type="stmt"/>
        <line num="143" count="1398" type="stmt"/>
        <line num="144" count="1398" type="stmt"/>
        <line num="145" count="0" type="cond" truecount="0" falsecount="1"/>
        <line num="146" count="0" type="stmt"/>
        <line num="147" count="0" type="stmt"/>
        <line num="148" count="0" type="stmt"/>
        <line num="149" count="0" type="stmt"/>
        <line num="150" count="0" type="stmt"/>
        <line num="151" count="1398" type="stmt"/>
        <line num="152" count="0" type="cond" truecount="0" falsecount="1"/>
        <line num="153" count="0" type="stmt"/>
        <line num="154" count="0" type="stmt"/>
        <line num="155" count="0" type="stmt"/>
        <line num="156" count="0" type="stmt"/>
        <line num="157" count="0" type="stmt"/>
        <line num="158" count="0" type="stmt"/>
        <line num="159" count="0" type="stmt"/>
        <line num="160" count="0" type="stmt"/>
        <line num="161" count="0" type="stmt"/>
        <line num="162" count="0" type="stmt"/>
        <line num="163" count="0" type="stmt"/>
        <line num="164" count="0" type="stmt"/>
        <line num="165" count="1" type="stmt"/>
        <line num="166" count="1" type="stmt"/>
        <line num="167" count="1" type="stmt"/>
        <line num="168" count="1" type="cond" truecount="1" falsecount="0"/>
        <line num="169" count="24" type="stmt"/>
        <line num="170" count="24" type="stmt"/>
        <line num="171" count="0" type="cond" truecount="0" falsecount="1"/>
        <line num="172" count="0" type="stmt"/>
        <line num="173" count="24" type="stmt"/>
        <line num="174" count="36" type="cond" truecount="1" falsecount="0"/>
        <line num="175" count="36" type="stmt"/>
        <line num="176" count="24" type="stmt"/>
        <line num="177" count="24" type="cond" truecount="0" falsecount="1"/>
        <line num="178" count="0" type="stmt"/>
        <line num="179" count="0" type="stmt"/>
        <line num="180" count="0" type="stmt"/>
        <line num="181" count="1" type="stmt"/>
        <line num="182" count="1" type="stmt"/>
        <line num="183" count="1" type="stmt"/>
        <line num="184" count="1" type="cond" truecount="1" falsecount="0"/>
        <line num="185" count="30" type="stmt"/>
        <line num="186" count="30" type="cond" truecount="1" falsecount="0"/>
        <line num="187" count="6" type="cond" truecount="1" falsecount="0"/>
        <line num="188" count="6" type="stmt"/>
        <line num="189" count="24" type="cond" truecount="1" falsecount="0"/>
        <line num="190" count="24" type="stmt"/>
        <line num="191" count="0" type="cond" truecount="0" falsecount="1"/>
        <line num="192" count="0" type="stmt"/>
        <line num="193" count="24" type="stmt"/>
        <line num="194" count="24" type="stmt"/>
        <line num="195" count="24" type="stmt"/>
        <line num="196" count="24" type="stmt"/>
        <line num="197" count="24" type="stmt"/>
        <line num="198" count="24" type="stmt"/>
        <line num="199" count="30" type="cond" truecount="0" falsecount="1"/>
        <line num="200" count="0" type="stmt"/>
        <line num="201" count="0" type="stmt"/>
        <line num="202" count="0" type="stmt"/>
        <line num="203" count="1" type="stmt"/>
        <line num="204" count="1" type="stmt"/>
        <line num="205" count="1" type="stmt"/>
        <line num="206" count="1" type="cond" truecount="1" falsecount="0"/>
        <line num="207" count="3006" type="stmt"/>
        <line num="208" count="3006" type="stmt"/>
        <line num="209" count="3006" type="stmt"/>
        <line num="210" count="3006" type="stmt"/>
        <line num="211" count="3006" type="stmt"/>
        <line num="212" count="0" type="cond" truecount="0" falsecount="1"/>
        <line num="213" count="0" type="stmt"/>
        <line num="214" count="3006" type="stmt"/>
        <line num="215" count="5010" type="cond" truecount="1" falsecount="0"/>
        <line num="216" count="5010" type="stmt"/>
        <line num="217" count="4008" type="cond" truecount="1" falsecount="0"/>
        <line num="218" count="4008" type="stmt"/>
        <line num="219" count="1002" type="cond" truecount="1" falsecount="0"/>
        <line num="220" count="5010" type="cond" truecount="1" falsecount="0"/>
        <line num="221" count="360" type="cond" truecount="1" falsecount="0"/>
        <line num="222" count="360" type="stmt"/>
        <line num="223" count="5010" type="stmt"/>
        <line num="224" count="5010" type="stmt"/>
        <line num="225" count="2004" type="cond" truecount="1" falsecount="0"/>
        <line num="226" count="3006" type="cond" truecount="0" falsecount="1"/>
        <line num="227" count="0" type="stmt"/>
        <line num="228" count="0" type="stmt"/>
        <line num="229" count="0" type="stmt"/>
        <line num="230" count="1" type="stmt"/>
        <line num="231" count="1" type="stmt"/>
      </file>
    </package>
    <package name="helpers">
      <metrics statements="19" coveredstatements="18" conditionals="15" coveredconditionals="10" methods="10" coveredmethods="7"/>
      <file name="index.js" path="/home/arthur/projects/svelte/v2-svelte-client-router/src/helpers/index.js">
        <metrics statements="19" coveredstatements="18" conditionals="15" coveredconditionals="10" methods="10" coveredmethods="7"/>
        <line num="1" count="1" type="stmt"/>
        <line num="2" count="1" type="stmt"/>
        <line num="3" count="1" type="cond" truecount="2" falsecount="2"/>
        <line num="4" count="24" type="stmt"/>
        <line num="5" count="24" type="cond" truecount="1" falsecount="1"/>
        <line num="6" count="5577" type="stmt"/>
        <line num="7" count="5577" type="cond" truecount="1" falsecount="0"/>
        <line num="8" count="5577" type="cond" truecount="1" falsecount="0"/>
        <line num="9" count="24" type="stmt"/>
        <line num="10" count="24" type="stmt"/>
        <line num="11" count="48" type="cond" truecount="1" falsecount="0"/>
        <line num="12" count="48" type="cond" truecount="0" falsecount="1"/>
        <line num="13" count="48" type="stmt"/>
        <line num="14" count="1" type="cond" truecount="1" falsecount="1"/>
        <line num="15" count="11154" type="cond" truecount="1" falsecount="0"/>
        <line num="16" count="8622" type="cond" truecount="1" falsecount="0"/>
        <line num="17" count="8622" type="stmt"/>
        <line num="18" count="2532" type="cond" truecount="1" falsecount="0"/>
        <line num="19" count="0" type="stmt"/>
      </file>
    </package>
    <package name="plugins">
      <metrics statements="45" coveredstatements="34" conditionals="24" coveredconditionals="17" methods="7" coveredmethods="5"/>
      <file name="waitPlugin.js" path="/home/arthur/projects/svelte/v2-svelte-client-router/src/plugins/waitPlugin.js">
        <metrics statements="45" coveredstatements="34" conditionals="24" coveredconditionals="17" methods="7" coveredmethods="5"/>
        <line num="1" count="1" type="stmt"/>
        <line num="2" count="1" type="cond" truecount="1" falsecount="0"/>
        <line num="3" count="40" type="stmt"/>
        <line num="4" count="40" type="stmt"/>
        <line num="5" count="40" type="stmt"/>
        <line num="6" count="1" type="cond" truecount="2" falsecount="0"/>
        <line num="7" count="91" type="cond" truecount="1" falsecount="0"/>
        <line num="8" count="91" type="cond" truecount="2" falsecount="0"/>
        <line num="9" count="83" type="stmt"/>
        <line num="10" count="83" type="cond" truecount="1" falsecount="0"/>
        <line num="11" count="91" type="cond" truecount="0" falsecount="1"/>
        <line num="12" count="91" type="cond" truecount="1" falsecount="1"/>
        <line num="13" count="83" type="stmt"/>
        <line num="14" count="83" type="cond" truecount="1" falsecount="0"/>
        <line num="15" count="91" type="cond" truecount="0" falsecount="2"/>
        <line num="16" count="0" type="stmt"/>
        <line num="17" count="91" type="cond" truecount="1" falsecount="1"/>
        <line num="18" count="83" type="cond" truecount="0" falsecount="1"/>
        <line num="19" count="83" type="cond" truecount="1" falsecount="0"/>
        <line num="20" count="83" type="stmt"/>
        <line num="21" count="55" type="cond" truecount="1" falsecount="0"/>
        <line num="22" count="83" type="stmt"/>
        <line num="23" count="83" type="stmt"/>
        <line num="24" count="83" type="stmt"/>
        <line num="25" count="83" type="stmt"/>
        <line num="26" count="0" type="cond" truecount="1" falsecount="1"/>
        <line num="27" count="1051" type="stmt"/>
        <line num="28" count="990" type="cond" truecount="1" falsecount="0"/>
        <line num="29" count="990" type="stmt"/>
        <line num="30" count="61" type="cond" truecount="2" falsecount="0"/>
        <line num="31" count="83" type="cond" truecount="1" falsecount="0"/>
        <line num="32" count="61" type="stmt"/>
        <line num="33" count="61" type="stmt"/>
        <line num="34" count="61" type="stmt"/>
        <line num="35" count="0" type="stmt"/>
        <line num="36" count="0" type="stmt"/>
        <line num="37" count="0" type="stmt"/>
        <line num="38" count="0" type="stmt"/>
        <line num="39" count="0" type="stmt"/>
        <line num="40" count="0" type="stmt"/>
        <line num="41" count="0" type="stmt"/>
        <line num="42" count="0" type="stmt"/>
        <line num="43" count="0" type="stmt"/>
        <line num="44" count="1" type="stmt"/>
        <line num="45" count="1" type="stmt"/>
      </file>
    </package>
    <package name="stores">
      <metrics statements="857" coveredstatements="720" conditionals="288" coveredconditionals="266" methods="205" coveredmethods="135"/>
      <file name="config.js" path="/home/arthur/projects/svelte/v2-svelte-client-router/src/stores/config.js">
        <metrics statements="274" coveredstatements="252" conditionals="138" coveredconditionals="131" methods="106" coveredmethods="71"/>
        <line num="1" count="1" type="stmt"/>
        <line num="2" count="1" type="stmt"/>
        <line num="3" count="1" type="stmt"/>
        <line num="4" count="1" type="stmt"/>
        <line num="5" count="1" type="stmt"/>
        <line num="6" count="1" type="stmt"/>
        <line num="7" count="1" type="stmt"/>
        <line num="8" count="1" type="stmt"/>
        <line num="9" count="1" type="stmt"/>
        <line num="10" count="1" type="stmt"/>
        <line num="11" count="1" type="stmt"/>
        <line num="12" count="1" type="stmt"/>
        <line num="13" count="1" type="stmt"/>
        <line num="14" count="1" type="stmt"/>
        <line num="15" count="1" type="stmt"/>
        <line num="16" count="1" type="stmt"/>
        <line num="17" count="1" type="stmt"/>
        <line num="18" count="1" type="stmt"/>
        <line num="19" count="1" type="stmt"/>
        <line num="20" count="1" type="stmt"/>
        <line num="21" count="1" type="stmt"/>
        <line num="22" count="1" type="stmt"/>
        <line num="23" count="1" type="stmt"/>
        <line num="24" count="1" type="stmt"/>
        <line num="25" count="1" type="stmt"/>
        <line num="26" count="1" type="stmt"/>
        <line num="27" count="1" type="stmt"/>
        <line num="28" count="1" type="stmt"/>
        <line num="29" count="1" type="stmt"/>
        <line num="30" count="1" type="cond" truecount="2" falsecount="0"/>
        <line num="31" count="288" type="stmt"/>
        <line num="32" count="288" type="cond" truecount="1" falsecount="0"/>
        <line num="33" count="350" type="stmt"/>
        <line num="34" count="350" type="stmt"/>
        <line num="35" count="350" type="stmt"/>
        <line num="36" count="350" type="stmt"/>
        <line num="37" count="350" type="stmt"/>
        <line num="38" count="350" type="stmt"/>
        <line num="39" count="350" type="stmt"/>
        <line num="40" count="350" type="stmt"/>
        <line num="41" count="350" type="stmt"/>
        <line num="42" count="350" type="stmt"/>
        <line num="43" count="350" type="stmt"/>
        <line num="44" count="350" type="stmt"/>
        <line num="45" count="350" type="stmt"/>
        <line num="46" count="0" type="stmt"/>
        <line num="47" count="0" type="stmt"/>
        <line num="48" count="0" type="stmt"/>
        <line num="49" count="0" type="stmt"/>
        <line num="50" count="0" type="stmt"/>
        <line num="51" count="0" type="stmt"/>
        <line num="52" count="0" type="stmt"/>
        <line num="53" count="1" type="stmt"/>
        <line num="54" count="1" type="cond" truecount="2" falsecount="0"/>
        <line num="55" count="312" type="stmt"/>
        <line num="56" count="312" type="cond" truecount="2" falsecount="0"/>
        <line num="57" count="378" type="cond" truecount="1" falsecount="0"/>
        <line num="58" count="364" type="cond" truecount="3" falsecount="0"/>
        <line num="59" count="24" type="stmt"/>
        <line num="60" count="24" type="stmt"/>
        <line num="61" count="24" type="stmt"/>
        <line num="62" count="24" type="cond" truecount="1" falsecount="0"/>
        <line num="63" count="1720" type="stmt"/>
        <line num="64" count="1720" type="stmt"/>
        <line num="65" count="1720" type="stmt"/>
        <line num="66" count="1" type="stmt"/>
        <line num="67" count="1" type="cond" truecount="2" falsecount="0"/>
        <line num="68" count="312" type="stmt"/>
        <line num="69" count="312" type="cond" truecount="2" falsecount="0"/>
        <line num="70" count="385" type="cond" truecount="1" falsecount="0"/>
        <line num="71" count="14" type="cond" truecount="1" falsecount="0"/>
        <line num="72" count="0" type="stmt"/>
        <line num="73" count="8" type="cond" truecount="3" falsecount="0"/>
        <line num="74" count="24" type="cond" truecount="1" falsecount="0"/>
        <line num="75" count="24" type="stmt"/>
        <line num="76" count="24" type="cond" truecount="1" falsecount="0"/>
        <line num="77" count="24" type="stmt"/>
        <line num="78" count="24" type="stmt"/>
        <line num="79" count="1" type="cond" truecount="1" falsecount="0"/>
        <line num="80" count="181" type="stmt"/>
        <line num="81" count="181" type="stmt"/>
        <line num="82" count="181" type="stmt"/>
        <line num="83" count="1" type="cond" truecount="2" falsecount="0"/>
        <line num="84" count="312" type="cond" truecount="2" falsecount="0"/>
        <line num="85" count="300" type="stmt"/>
        <line num="86" count="300" type="cond" truecount="3" falsecount="0"/>
        <line num="87" count="27" type="cond" truecount="2" falsecount="0"/>
        <line num="88" count="364" type="cond" truecount="1" falsecount="0"/>
        <line num="89" count="364" type="stmt"/>
        <line num="90" count="364" type="stmt"/>
        <line num="91" count="378" type="stmt"/>
        <line num="92" count="1" type="cond" truecount="1" falsecount="0"/>
        <line num="93" count="1270" type="stmt"/>
        <line num="94" count="1270" type="stmt"/>
        <line num="95" count="1270" type="stmt"/>
        <line num="96" count="1" type="cond" truecount="2" falsecount="0"/>
        <line num="97" count="312" type="cond" truecount="2" falsecount="0"/>
        <line num="98" count="300" type="stmt"/>
        <line num="99" count="1" type="cond" truecount="2" falsecount="0"/>
        <line num="100" count="24" type="stmt"/>
        <line num="101" count="364" type="cond" truecount="1" falsecount="0"/>
        <line num="102" count="364" type="stmt"/>
        <line num="103" count="364" type="stmt"/>
        <line num="104" count="378" type="stmt"/>
        <line num="105" count="1" type="cond" truecount="1" falsecount="0"/>
        <line num="106" count="28" type="stmt"/>
        <line num="107" count="20" type="cond" truecount="1" falsecount="0"/>
        <line num="108" count="20" type="stmt"/>
        <line num="109" count="20" type="cond" truecount="1" falsecount="0"/>
        <line num="110" count="312" type="cond" truecount="1" falsecount="0"/>
        <line num="111" count="300" type="stmt"/>
        <line num="112" count="1" type="cond" truecount="2" falsecount="0"/>
        <line num="113" count="24" type="stmt"/>
        <line num="114" count="364" type="cond" truecount="1" falsecount="0"/>
        <line num="115" count="364" type="stmt"/>
        <line num="116" count="364" type="stmt"/>
        <line num="117" count="378" type="stmt"/>
        <line num="118" count="1" type="cond" truecount="1" falsecount="0"/>
        <line num="119" count="28" type="stmt"/>
        <line num="120" count="28" type="stmt"/>
        <line num="121" count="28" type="stmt"/>
        <line num="122" count="1" type="cond" truecount="2" falsecount="0"/>
        <line num="123" count="312" type="cond" truecount="1" falsecount="0"/>
        <line num="124" count="300" type="stmt"/>
        <line num="125" count="312" type="cond" truecount="1" falsecount="0"/>
        <line num="126" count="0" type="cond" truecount="1" falsecount="0"/>
        <line num="127" count="364" type="cond" truecount="1" falsecount="0"/>
        <line num="128" count="364" type="stmt"/>
        <line num="129" count="364" type="stmt"/>
        <line num="130" count="378" type="stmt"/>
        <line num="131" count="1" type="cond" truecount="1" falsecount="0"/>
        <line num="132" count="28" type="stmt"/>
        <line num="133" count="28" type="stmt"/>
        <line num="134" count="28" type="stmt"/>
        <line num="135" count="1" type="cond" truecount="2" falsecount="0"/>
        <line num="136" count="312" type="cond" truecount="1" falsecount="0"/>
        <line num="137" count="300" type="stmt"/>
        <line num="138" count="1" type="cond" truecount="1" falsecount="0"/>
        <line num="139" count="24" type="cond" truecount="1" falsecount="0"/>
        <line num="140" count="24" type="stmt"/>
        <line num="141" count="24" type="stmt"/>
        <line num="142" count="1594" type="cond" truecount="1" falsecount="0"/>
        <line num="143" count="1594" type="stmt"/>
        <line num="144" count="1594" type="stmt"/>
        <line num="145" count="1608" type="stmt"/>
        <line num="146" count="1" type="cond" truecount="1" falsecount="0"/>
        <line num="147" count="35032" type="cond" truecount="3" falsecount="0"/>
        <line num="148" count="936" type="stmt"/>
        <line num="149" count="936" type="stmt"/>
        <line num="150" count="936" type="stmt"/>
        <line num="151" count="936" type="cond" truecount="3" falsecount="0"/>
        <line num="152" count="3207" type="stmt"/>
        <line num="153" count="3207" type="cond" truecount="2" falsecount="0"/>
        <line num="154" count="6438" type="stmt"/>
        <line num="155" count="6438" type="stmt"/>
        <line num="156" count="6438" type="cond" truecount="1" falsecount="0"/>
        <line num="157" count="364" type="stmt"/>
        <line num="158" count="364" type="cond" truecount="1" falsecount="0"/>
        <line num="159" count="364" type="cond" truecount="1" falsecount="0"/>
        <line num="160" count="364" type="stmt"/>
        <line num="161" count="364" type="stmt"/>
        <line num="162" count="364" type="cond" truecount="1" falsecount="0"/>
        <line num="163" count="20" type="cond" truecount="3" falsecount="0"/>
        <line num="164" count="312" type="stmt"/>
        <line num="165" count="312" type="cond" truecount="0" falsecount="1"/>
        <line num="166" count="312" type="cond" truecount="1" falsecount="0"/>
        <line num="167" count="312" type="cond" truecount="2" falsecount="0"/>
        <line num="168" count="300" type="cond" truecount="2" falsecount="1"/>
        <line num="169" count="300" type="stmt"/>
        <line num="170" count="300" type="stmt"/>
        <line num="171" count="300" type="stmt"/>
        <line num="172" count="300" type="stmt"/>
        <line num="173" count="300" type="cond" truecount="2" falsecount="0"/>
        <line num="174" count="406" type="cond" truecount="1" falsecount="0"/>
        <line num="175" count="0" type="stmt"/>
        <line num="176" count="0" type="stmt"/>
        <line num="177" count="300" type="cond" truecount="2" falsecount="0"/>
        <line num="178" count="300" type="cond" truecount="0" falsecount="1"/>
        <line num="179" count="300" type="stmt"/>
        <line num="180" count="300" type="cond" truecount="1" falsecount="0"/>
        <line num="181" count="20" type="cond" truecount="2" falsecount="0"/>
        <line num="182" count="336" type="cond" truecount="1" falsecount="0"/>
        <line num="183" count="336" type="stmt"/>
        <line num="184" count="336" type="stmt"/>
        <line num="185" count="336" type="stmt"/>
        <line num="186" count="20" type="cond" truecount="1" falsecount="0"/>
        <line num="187" count="388" type="stmt"/>
        <line num="188" count="0" type="stmt"/>
        <line num="189" count="0" type="stmt"/>
        <line num="190" count="1" type="stmt"/>
        <line num="191" count="1" type="cond" truecount="2" falsecount="0"/>
        <line num="192" count="300" type="stmt"/>
        <line num="193" count="300" type="cond" truecount="1" falsecount="0"/>
        <line num="194" count="20" type="cond" truecount="3" falsecount="1"/>
        <line num="195" count="24" type="cond" truecount="1" falsecount="0"/>
        <line num="196" count="24" type="stmt"/>
        <line num="197" count="24" type="cond" truecount="1" falsecount="0"/>
        <line num="198" count="24" type="stmt"/>
        <line num="199" count="24" type="stmt"/>
        <line num="200" count="20" type="cond" truecount="1" falsecount="1"/>
        <line num="201" count="28" type="stmt"/>
        <line num="202" count="0" type="stmt"/>
        <line num="203" count="0" type="stmt"/>
        <line num="204" count="1" type="stmt"/>
        <line num="205" count="1" type="cond" truecount="1" falsecount="0"/>
        <line num="206" count="306" type="stmt"/>
        <line num="207" count="306" type="cond" truecount="3" falsecount="0"/>
        <line num="208" count="254" type="cond" truecount="2" falsecount="0"/>
        <line num="209" count="254" type="cond" truecount="3" falsecount="0"/>
        <line num="210" count="24" type="stmt"/>
        <line num="211" count="24" type="stmt"/>
        <line num="212" count="254" type="cond" truecount="3" falsecount="0"/>
        <line num="213" count="20" type="cond" truecount="1" falsecount="1"/>
        <line num="214" count="0" type="cond" truecount="1" falsecount="0"/>
        <line num="215" count="0" type="stmt"/>
        <line num="216" count="0" type="stmt"/>
        <line num="217" count="0" type="stmt"/>
        <line num="218" count="0" type="stmt"/>
        <line num="219" count="0" type="stmt"/>
        <line num="220" count="0" type="cond" truecount="2" falsecount="0"/>
        <line num="221" count="780" type="stmt"/>
        <line num="222" count="780" type="stmt"/>
        <line num="223" count="780" type="cond" truecount="1" falsecount="0"/>
        <line num="224" count="65" type="cond" truecount="1" falsecount="0"/>
        <line num="225" count="15" type="stmt"/>
        <line num="226" count="15" type="stmt"/>
        <line num="227" count="780" type="cond" truecount="3" falsecount="0"/>
        <line num="228" count="312" type="cond" truecount="2" falsecount="0"/>
        <line num="229" count="12" type="stmt"/>
        <line num="230" count="6" type="cond" truecount="1" falsecount="0"/>
        <line num="231" count="378" type="cond" truecount="2" falsecount="0"/>
        <line num="232" count="60" type="cond" truecount="1" falsecount="0"/>
        <line num="233" count="364" type="cond" truecount="0" falsecount="1"/>
        <line num="234" count="364" type="stmt"/>
        <line num="235" count="364" type="stmt"/>
        <line num="236" count="364" type="stmt"/>
        <line num="237" count="378" type="stmt"/>
        <line num="238" count="1" type="cond" truecount="1" falsecount="0"/>
        <line num="239" count="1037" type="stmt"/>
        <line num="240" count="1037" type="stmt"/>
        <line num="241" count="1037" type="stmt"/>
        <line num="242" count="1" type="stmt"/>
        <line num="243" count="1" type="stmt"/>
        <line num="244" count="1" type="stmt"/>
        <line num="245" count="1" type="stmt"/>
        <line num="246" count="1" type="stmt"/>
        <line num="247" count="1" type="stmt"/>
        <line num="248" count="1" type="stmt"/>
        <line num="249" count="1" type="stmt"/>
        <line num="250" count="1" type="stmt"/>
        <line num="251" count="1" type="stmt"/>
        <line num="252" count="1" type="stmt"/>
        <line num="253" count="1" type="stmt"/>
        <line num="254" count="1" type="stmt"/>
        <line num="255" count="1" type="stmt"/>
        <line num="256" count="1" type="stmt"/>
        <line num="257" count="1" type="stmt"/>
        <line num="258" count="1" type="stmt"/>
        <line num="259" count="1" type="stmt"/>
        <line num="260" count="1" type="stmt"/>
        <line num="261" count="1" type="stmt"/>
        <line num="262" count="1" type="stmt"/>
        <line num="263" count="1" type="stmt"/>
        <line num="264" count="1" type="stmt"/>
        <line num="265" count="1" type="stmt"/>
        <line num="266" count="1" type="stmt"/>
        <line num="267" count="1" type="stmt"/>
        <line num="268" count="1" type="stmt"/>
        <line num="269" count="1" type="stmt"/>
        <line num="270" count="1" type="stmt"/>
        <line num="271" count="1" type="stmt"/>
        <line num="272" count="1" type="stmt"/>
        <line num="273" count="1" type="stmt"/>
        <line num="274" count="1" type="stmt"/>
      </file>
      <file name="core.js" path="/home/arthur/projects/svelte/v2-svelte-client-router/src/stores/core.js">
        <metrics statements="225" coveredstatements="207" conditionals="53" coveredconditionals="53" methods="37" coveredmethods="29"/>
        <line num="1" count="1" type="stmt"/>
        <line num="2" count="1" type="stmt"/>
        <line num="3" count="1" type="stmt"/>
        <line num="4" count="1" type="stmt"/>
        <line num="5" count="1" type="stmt"/>
        <line num="6" count="1" type="stmt"/>
        <line num="7" count="1" type="stmt"/>
        <line num="8" count="1" type="stmt"/>
        <line num="9" count="1" type="stmt"/>
        <line num="10" count="1" type="stmt"/>
        <line num="11" count="1" type="stmt"/>
        <line num="12" count="1" type="stmt"/>
        <line num="13" count="1" type="stmt"/>
        <line num="14" count="1" type="stmt"/>
        <line num="15" count="1" type="stmt"/>
        <line num="16" count="1" type="stmt"/>
        <line num="17" count="1" type="stmt"/>
        <line num="18" count="1" type="stmt"/>
        <line num="19" count="1" type="stmt"/>
        <line num="20" count="1" type="stmt"/>
        <line num="21" count="0" type="stmt"/>
        <line num="22" count="0" type="stmt"/>
        <line num="23" count="0" type="stmt"/>
        <line num="24" count="0" type="stmt"/>
        <line num="25" count="0" type="stmt"/>
        <line num="26" count="0" type="stmt"/>
        <line num="27" count="0" type="stmt"/>
        <line num="28" count="0" type="cond" truecount="1" falsecount="0"/>
        <line num="29" count="176" type="cond" truecount="5" falsecount="0"/>
        <line num="30" count="0" type="stmt"/>
        <line num="31" count="0" type="cond" truecount="1" falsecount="0"/>
        <line num="32" count="2038" type="cond" truecount="1" falsecount="0"/>
        <line num="33" count="14" type="cond" truecount="1" falsecount="0"/>
        <line num="34" count="14" type="stmt"/>
        <line num="35" count="2024" type="cond" truecount="1" falsecount="0"/>
        <line num="36" count="1037" type="cond" truecount="1" falsecount="0"/>
        <line num="37" count="2038" type="cond" truecount="2" falsecount="0"/>
        <line num="38" count="4" type="stmt"/>
        <line num="39" count="4" type="stmt"/>
        <line num="40" count="4" type="cond" truecount="1" falsecount="0"/>
        <line num="41" count="0" type="stmt"/>
        <line num="42" count="0" type="stmt"/>
        <line num="43" count="0" type="cond" truecount="1" falsecount="0"/>
        <line num="44" count="28" type="stmt"/>
        <line num="45" count="0" type="stmt"/>
        <line num="46" count="0" type="stmt"/>
        <line num="47" count="0" type="stmt"/>
        <line num="48" count="1" type="cond" truecount="2" falsecount="0"/>
        <line num="49" count="0" type="stmt"/>
        <line num="50" count="0" type="cond" truecount="2" falsecount="0"/>
        <line num="51" count="381" type="stmt"/>
        <line num="52" count="7" type="cond" truecount="3" falsecount="0"/>
        <line num="53" count="7" type="stmt"/>
        <line num="54" count="7" type="stmt"/>
        <line num="55" count="374" type="cond" truecount="1" falsecount="0"/>
        <line num="56" count="374" type="stmt"/>
        <line num="57" count="381" type="stmt"/>
        <line num="58" count="1" type="cond" truecount="1" falsecount="0"/>
        <line num="59" count="21" type="stmt"/>
        <line num="60" count="21" type="stmt"/>
        <line num="61" count="21" type="stmt"/>
        <line num="62" count="1" type="stmt"/>
        <line num="63" count="1" type="stmt"/>
        <line num="64" count="1" type="stmt"/>
        <line num="65" count="1" type="cond" truecount="1" falsecount="0"/>
        <line num="66" count="1023" type="stmt"/>
        <line num="67" count="7" type="cond" truecount="1" falsecount="0"/>
        <line num="68" count="7" type="stmt"/>
        <line num="69" count="7" type="stmt"/>
        <line num="70" count="1016" type="cond" truecount="1" falsecount="0"/>
        <line num="71" count="1016" type="stmt"/>
        <line num="72" count="1023" type="stmt"/>
        <line num="73" count="1" type="cond" truecount="1" falsecount="0"/>
        <line num="74" count="21" type="stmt"/>
        <line num="75" count="21" type="stmt"/>
        <line num="76" count="21" type="stmt"/>
        <line num="77" count="1" type="stmt"/>
        <line num="78" count="1" type="stmt"/>
        <line num="79" count="1" type="stmt"/>
        <line num="80" count="1" type="cond" truecount="1" falsecount="0"/>
        <line num="81" count="1023" type="stmt"/>
        <line num="82" count="7" type="cond" truecount="1" falsecount="0"/>
        <line num="83" count="7" type="stmt"/>
        <line num="84" count="1016" type="cond" truecount="1" falsecount="0"/>
        <line num="85" count="1016" type="stmt"/>
        <line num="86" count="1023" type="stmt"/>
        <line num="87" count="1" type="cond" truecount="1" falsecount="0"/>
        <line num="88" count="21" type="stmt"/>
        <line num="89" count="21" type="stmt"/>
        <line num="90" count="21" type="stmt"/>
        <line num="91" count="1" type="stmt"/>
        <line num="92" count="1" type="stmt"/>
        <line num="93" count="1" type="stmt"/>
        <line num="94" count="1" type="cond" truecount="1" falsecount="0"/>
        <line num="95" count="21" type="stmt"/>
        <line num="96" count="7" type="cond" truecount="1" falsecount="0"/>
        <line num="97" count="7" type="stmt"/>
        <line num="98" count="14" type="cond" truecount="1" falsecount="0"/>
        <line num="99" count="14" type="stmt"/>
        <line num="100" count="21" type="stmt"/>
        <line num="101" count="1" type="cond" truecount="1" falsecount="0"/>
        <line num="102" count="1023" type="stmt"/>
        <line num="103" count="1023" type="stmt"/>
        <line num="104" count="1023" type="stmt"/>
        <line num="105" count="1" type="stmt"/>
        <line num="106" count="1" type="stmt"/>
        <line num="107" count="1" type="stmt"/>
        <line num="108" count="1" type="cond" truecount="1" falsecount="0"/>
        <line num="109" count="21" type="stmt"/>
        <line num="110" count="7" type="cond" truecount="1" falsecount="0"/>
        <line num="111" count="7" type="stmt"/>
        <line num="112" count="14" type="cond" truecount="1" falsecount="0"/>
        <line num="113" count="14" type="stmt"/>
        <line num="114" count="21" type="stmt"/>
        <line num="115" count="1" type="cond" truecount="1" falsecount="0"/>
        <line num="116" count="1023" type="stmt"/>
        <line num="117" count="1023" type="stmt"/>
        <line num="118" count="1023" type="stmt"/>
        <line num="119" count="1" type="stmt"/>
        <line num="120" count="1" type="stmt"/>
        <line num="121" count="1" type="stmt"/>
        <line num="122" count="1" type="cond" truecount="1" falsecount="0"/>
        <line num="123" count="1051" type="stmt"/>
        <line num="124" count="1051" type="stmt"/>
        <line num="125" count="1051" type="stmt"/>
        <line num="126" count="1" type="cond" truecount="1" falsecount="0"/>
        <line num="127" count="994" type="stmt"/>
        <line num="128" count="994" type="stmt"/>
        <line num="129" count="994" type="stmt"/>
        <line num="130" count="994" type="stmt"/>
        <line num="131" count="1" type="cond" truecount="1" falsecount="0"/>
        <line num="132" count="42" type="stmt"/>
        <line num="133" count="42" type="stmt"/>
        <line num="134" count="42" type="stmt"/>
        <line num="135" count="1" type="stmt"/>
        <line num="136" count="1" type="stmt"/>
        <line num="137" count="1" type="stmt"/>
        <line num="138" count="1" type="cond" truecount="1" falsecount="0"/>
        <line num="139" count="1011" type="stmt"/>
        <line num="140" count="1011" type="stmt"/>
        <line num="141" count="1011" type="stmt"/>
        <line num="142" count="1" type="cond" truecount="1" falsecount="0"/>
        <line num="143" count="9" type="stmt"/>
        <line num="144" count="9" type="stmt"/>
        <line num="145" count="9" type="stmt"/>
        <line num="146" count="1" type="stmt"/>
        <line num="147" count="1" type="stmt"/>
        <line num="148" count="1" type="stmt"/>
        <line num="149" count="1" type="cond" truecount="1" falsecount="0"/>
        <line num="150" count="1008" type="stmt"/>
        <line num="151" count="1008" type="stmt"/>
        <line num="152" count="1008" type="stmt"/>
        <line num="153" count="1" type="cond" truecount="1" falsecount="0"/>
        <line num="154" count="6" type="stmt"/>
        <line num="155" count="6" type="stmt"/>
        <line num="156" count="6" type="stmt"/>
        <line num="157" count="1" type="stmt"/>
        <line num="158" count="1" type="stmt"/>
        <line num="159" count="1" type="stmt"/>
        <line num="160" count="1" type="cond" truecount="1" falsecount="0"/>
        <line num="161" count="381" type="stmt"/>
        <line num="162" count="381" type="stmt"/>
        <line num="163" count="381" type="stmt"/>
        <line num="164" count="1" type="cond" truecount="1" falsecount="0"/>
        <line num="165" count="21" type="stmt"/>
        <line num="166" count="21" type="stmt"/>
        <line num="167" count="21" type="stmt"/>
        <line num="168" count="1" type="stmt"/>
        <line num="169" count="1" type="stmt"/>
        <line num="170" count="1" type="stmt"/>
        <line num="171" count="1" type="cond" truecount="1" falsecount="0"/>
        <line num="172" count="21" type="stmt"/>
        <line num="173" count="21" type="stmt"/>
        <line num="174" count="21" type="stmt"/>
        <line num="175" count="1" type="cond" truecount="1" falsecount="0"/>
        <line num="176" count="1023" type="stmt"/>
        <line num="177" count="1023" type="stmt"/>
        <line num="178" count="1023" type="stmt"/>
        <line num="179" count="1" type="stmt"/>
        <line num="180" count="1" type="stmt"/>
        <line num="181" count="1" type="stmt"/>
        <line num="182" count="1" type="cond" truecount="1" falsecount="0"/>
        <line num="183" count="21" type="stmt"/>
        <line num="184" count="21" type="stmt"/>
        <line num="185" count="21" type="stmt"/>
        <line num="186" count="1" type="cond" truecount="1" falsecount="0"/>
        <line num="187" count="1023" type="stmt"/>
        <line num="188" count="1023" type="stmt"/>
        <line num="189" count="1023" type="stmt"/>
        <line num="190" count="1" type="stmt"/>
        <line num="191" count="1" type="stmt"/>
        <line num="192" count="1" type="stmt"/>
        <line num="193" count="1" type="stmt"/>
        <line num="194" count="1" type="stmt"/>
        <line num="195" count="1" type="stmt"/>
        <line num="196" count="1" type="stmt"/>
        <line num="197" count="1" type="stmt"/>
        <line num="198" count="1" type="stmt"/>
        <line num="199" count="1" type="stmt"/>
        <line num="200" count="1" type="stmt"/>
        <line num="201" count="1" type="stmt"/>
        <line num="202" count="1" type="stmt"/>
        <line num="203" count="1" type="stmt"/>
        <line num="204" count="1" type="stmt"/>
        <line num="205" count="1" type="stmt"/>
        <line num="206" count="1" type="stmt"/>
        <line num="207" count="1" type="stmt"/>
        <line num="208" count="1" type="stmt"/>
        <line num="209" count="1" type="stmt"/>
        <line num="210" count="1" type="stmt"/>
        <line num="211" count="1" type="stmt"/>
        <line num="212" count="1" type="stmt"/>
        <line num="213" count="1" type="stmt"/>
        <line num="214" count="1" type="stmt"/>
        <line num="215" count="1" type="stmt"/>
        <line num="216" count="1" type="stmt"/>
        <line num="217" count="1" type="stmt"/>
        <line num="218" count="1" type="stmt"/>
        <line num="219" count="1" type="stmt"/>
        <line num="220" count="1" type="stmt"/>
        <line num="221" count="1" type="stmt"/>
        <line num="222" count="1" type="stmt"/>
        <line num="223" count="1" type="stmt"/>
        <line num="224" count="1" type="stmt"/>
        <line num="225" count="1" type="stmt"/>
      </file>
      <file name="index.js" path="/home/arthur/projects/svelte/v2-svelte-client-router/src/stores/index.js">
        <metrics statements="6" coveredstatements="6" conditionals="0" coveredconditionals="0" methods="0" coveredmethods="0"/>
        <line num="1" count="1" type="stmt"/>
        <line num="2" count="1" type="stmt"/>
        <line num="3" count="1" type="stmt"/>
        <line num="4" count="1" type="stmt"/>
        <line num="5" count="1" type="stmt"/>
        <line num="6" count="1" type="stmt"/>
      </file>
      <file name="navigate.js" path="/home/arthur/projects/svelte/v2-svelte-client-router/src/stores/navigate.js">
        <metrics statements="161" coveredstatements="98" conditionals="24" coveredconditionals="24" methods="26" coveredmethods="10"/>
        <line num="1" count="1" type="stmt"/>
        <line num="2" count="1" type="stmt"/>
        <line num="3" count="1" type="stmt"/>
        <line num="4" count="1" type="stmt"/>
        <line num="5" count="1" type="stmt"/>
        <line num="6" count="1" type="stmt"/>
        <line num="7" count="1" type="stmt"/>
        <line num="8" count="1" type="stmt"/>
        <line num="9" count="1" type="stmt"/>
        <line num="10" count="1" type="stmt"/>
        <line num="11" count="1" type="stmt"/>
        <line num="12" count="1" type="stmt"/>
        <line num="13" count="1" type="stmt"/>
        <line num="14" count="1" type="stmt"/>
        <line num="15" count="1" type="stmt"/>
        <line num="16" count="1" type="stmt"/>
        <line num="17" count="1" type="stmt"/>
        <line num="18" count="0" type="stmt"/>
        <line num="19" count="0" type="cond" truecount="1" falsecount="0"/>
        <line num="20" count="24" type="stmt"/>
        <line num="21" count="2" type="cond" truecount="1" falsecount="0"/>
        <line num="22" count="2" type="stmt"/>
        <line num="23" count="22" type="cond" truecount="1" falsecount="0"/>
        <line num="24" count="20" type="cond" truecount="1" falsecount="0"/>
        <line num="25" count="20" type="stmt"/>
        <line num="26" count="20" type="stmt"/>
        <line num="27" count="0" type="stmt"/>
        <line num="28" count="0" type="stmt"/>
        <line num="29" count="22" type="cond" truecount="1" falsecount="0"/>
        <line num="30" count="22" type="stmt"/>
        <line num="31" count="24" type="stmt"/>
        <line num="32" count="1" type="cond" truecount="1" falsecount="0"/>
        <line num="33" count="4" type="stmt"/>
        <line num="34" count="4" type="stmt"/>
        <line num="35" count="4" type="stmt"/>
        <line num="36" count="1" type="stmt"/>
        <line num="37" count="1" type="stmt"/>
        <line num="38" count="0" type="stmt"/>
        <line num="39" count="0" type="cond" truecount="1" falsecount="0"/>
        <line num="40" count="24" type="cond" truecount="1" falsecount="0"/>
        <line num="41" count="2" type="cond" truecount="1" falsecount="0"/>
        <line num="42" count="2" type="stmt"/>
        <line num="43" count="22" type="cond" truecount="1" falsecount="0"/>
        <line num="44" count="22" type="stmt"/>
        <line num="45" count="24" type="stmt"/>
        <line num="46" count="1" type="cond" truecount="1" falsecount="0"/>
        <line num="47" count="4" type="stmt"/>
        <line num="48" count="4" type="stmt"/>
        <line num="49" count="4" type="stmt"/>
        <line num="50" count="1" type="stmt"/>
        <line num="51" count="1" type="stmt"/>
        <line num="52" count="1" type="stmt"/>
        <line num="53" count="1" type="cond" truecount="1" falsecount="0"/>
        <line num="54" count="24" type="cond" truecount="1" falsecount="0"/>
        <line num="55" count="2" type="cond" truecount="1" falsecount="0"/>
        <line num="56" count="2" type="stmt"/>
        <line num="57" count="22" type="cond" truecount="1" falsecount="0"/>
        <line num="58" count="22" type="stmt"/>
        <line num="59" count="24" type="stmt"/>
        <line num="60" count="1" type="cond" truecount="1" falsecount="0"/>
        <line num="61" count="0" type="stmt"/>
        <line num="62" count="0" type="stmt"/>
        <line num="63" count="0" type="stmt"/>
        <line num="64" count="1" type="stmt"/>
        <line num="65" count="1" type="stmt"/>
        <line num="66" count="1" type="stmt"/>
        <line num="67" count="1" type="cond" truecount="1" falsecount="0"/>
        <line num="68" count="24" type="stmt"/>
        <line num="69" count="2" type="cond" truecount="1" falsecount="0"/>
        <line num="70" count="2" type="stmt"/>
        <line num="71" count="22" type="cond" truecount="1" falsecount="0"/>
        <line num="72" count="0" type="stmt"/>
        <line num="73" count="0" type="stmt"/>
        <line num="74" count="0" type="cond" truecount="1" falsecount="0"/>
        <line num="75" count="4" type="stmt"/>
        <line num="76" count="4" type="stmt"/>
        <line num="77" count="4" type="stmt"/>
        <line num="78" count="0" type="stmt"/>
        <line num="79" count="1" type="stmt"/>
        <line num="80" count="1" type="stmt"/>
        <line num="81" count="1" type="cond" truecount="1" falsecount="0"/>
        <line num="82" count="24" type="stmt"/>
        <line num="83" count="2" type="cond" truecount="1" falsecount="0"/>
        <line num="84" count="2" type="stmt"/>
        <line num="85" count="22" type="cond" truecount="1" falsecount="0"/>
        <line num="86" count="22" type="stmt"/>
        <line num="87" count="24" type="stmt"/>
        <line num="88" count="1" type="cond" truecount="1" falsecount="0"/>
        <line num="89" count="4" type="stmt"/>
        <line num="90" count="0" type="stmt"/>
        <line num="91" count="0" type="stmt"/>
        <line num="92" count="0" type="stmt"/>
        <line num="93" count="0" type="stmt"/>
        <line num="94" count="0" type="stmt"/>
        <line num="95" count="0" type="stmt"/>
        <line num="96" count="0" type="stmt"/>
        <line num="97" count="0" type="stmt"/>
        <line num="98" count="0" type="stmt"/>
        <line num="99" count="0" type="stmt"/>
        <line num="100" count="0" type="stmt"/>
        <line num="101" count="0" type="stmt"/>
        <line num="102" count="0" type="stmt"/>
        <line num="103" count="0" type="stmt"/>
        <line num="104" count="0" type="stmt"/>
        <line num="105" count="0" type="stmt"/>
        <line num="106" count="0" type="stmt"/>
        <line num="107" count="0" type="stmt"/>
        <line num="108" count="0" type="stmt"/>
        <line num="109" count="0" type="stmt"/>
        <line num="110" count="0" type="stmt"/>
        <line num="111" count="0" type="stmt"/>
        <line num="112" count="0" type="stmt"/>
        <line num="113" count="0" type="stmt"/>
        <line num="114" count="0" type="stmt"/>
        <line num="115" count="0" type="stmt"/>
        <line num="116" count="0" type="stmt"/>
        <line num="117" count="0" type="stmt"/>
        <line num="118" count="0" type="stmt"/>
        <line num="119" count="0" type="stmt"/>
        <line num="120" count="0" type="stmt"/>
        <line num="121" count="0" type="stmt"/>
        <line num="122" count="0" type="stmt"/>
        <line num="123" count="0" type="stmt"/>
        <line num="124" count="0" type="stmt"/>
        <line num="125" count="0" type="stmt"/>
        <line num="126" count="0" type="stmt"/>
        <line num="127" count="0" type="stmt"/>
        <line num="128" count="0" type="stmt"/>
        <line num="129" count="0" type="stmt"/>
        <line num="130" count="0" type="stmt"/>
        <line num="131" count="0" type="stmt"/>
        <line num="132" count="0" type="stmt"/>
        <line num="133" count="0" type="stmt"/>
        <line num="134" count="0" type="stmt"/>
        <line num="135" count="0" type="stmt"/>
        <line num="136" count="0" type="stmt"/>
        <line num="137" count="1" type="stmt"/>
        <line num="138" count="1" type="stmt"/>
        <line num="139" count="1" type="stmt"/>
        <line num="140" count="1" type="stmt"/>
        <line num="141" count="0" type="stmt"/>
        <line num="142" count="0" type="stmt"/>
        <line num="143" count="0" type="stmt"/>
        <line num="144" count="1" type="stmt"/>
        <line num="145" count="1" type="stmt"/>
        <line num="146" count="1" type="stmt"/>
        <line num="147" count="1" type="stmt"/>
        <line num="148" count="1" type="stmt"/>
        <line num="149" count="1" type="stmt"/>
        <line num="150" count="1" type="stmt"/>
        <line num="151" count="1" type="stmt"/>
        <line num="152" count="1" type="stmt"/>
        <line num="153" count="1" type="stmt"/>
        <line num="154" count="1" type="stmt"/>
        <line num="155" count="1" type="stmt"/>
        <line num="156" count="1" type="stmt"/>
        <line num="157" count="1" type="stmt"/>
        <line num="158" count="1" type="stmt"/>
        <line num="159" count="1" type="stmt"/>
        <line num="160" count="1" type="stmt"/>
        <line num="161" count="1" type="stmt"/>
      </file>
      <file name="routes.js" path="/home/arthur/projects/svelte/v2-svelte-client-router/src/stores/routes.js">
        <metrics statements="180" coveredstatements="146" conditionals="73" coveredconditionals="58" methods="36" coveredmethods="25"/>
        <line num="1" count="1" type="stmt"/>
        <line num="2" count="1" type="stmt"/>
        <line num="3" count="1" type="stmt"/>
        <line num="4" count="1" type="stmt"/>
        <line num="5" count="1" type="stmt"/>
        <line num="6" count="1" type="stmt"/>
        <line num="7" count="1" type="stmt"/>
        <line num="8" count="1" type="stmt"/>
        <line num="9" count="1" type="stmt"/>
        <line num="10" count="1" type="stmt"/>
        <line num="11" count="1" type="stmt"/>
        <line num="12" count="1" type="stmt"/>
        <line num="13" count="1" type="stmt"/>
        <line num="14" count="1" type="stmt"/>
        <line num="15" count="1" type="stmt"/>
        <line num="16" count="1" type="stmt"/>
        <line num="17" count="1" type="stmt"/>
        <line num="18" count="1" type="stmt"/>
        <line num="19" count="1" type="stmt"/>
        <line num="20" count="1" type="stmt"/>
        <line num="21" count="1" type="stmt"/>
        <line num="22" count="1" type="stmt"/>
        <line num="23" count="1" type="stmt"/>
        <line num="24" count="1" type="stmt"/>
        <line num="25" count="1" type="stmt"/>
        <line num="26" count="1" type="stmt"/>
        <line num="27" count="1" type="stmt"/>
        <line num="28" count="1" type="stmt"/>
        <line num="29" count="1" type="stmt"/>
        <line num="30" count="1" type="stmt"/>
        <line num="31" count="1" type="stmt"/>
        <line num="32" count="1" type="stmt"/>
        <line num="33" count="1" type="stmt"/>
        <line num="34" count="1" type="stmt"/>
        <line num="35" count="1" type="cond" truecount="3" falsecount="0"/>
        <line num="36" count="272" type="cond" truecount="1" falsecount="0"/>
        <line num="37" count="0" type="cond" truecount="2" falsecount="0"/>
        <line num="38" count="0" type="cond" truecount="2" falsecount="0"/>
        <line num="39" count="0" type="cond" truecount="1" falsecount="1"/>
        <line num="40" count="0" type="stmt"/>
        <line num="41" count="0" type="cond" truecount="2" falsecount="1"/>
        <line num="42" count="0" type="stmt"/>
        <line num="43" count="0" type="cond" truecount="2" falsecount="1"/>
        <line num="44" count="0" type="cond" truecount="7" falsecount="1"/>
        <line num="45" count="0" type="cond" truecount="1" falsecount="0"/>
        <line num="46" count="0" type="cond" truecount="4" falsecount="2"/>
        <line num="47" count="0" type="stmt"/>
        <line num="48" count="0" type="stmt"/>
        <line num="49" count="0" type="cond" truecount="3" falsecount="0"/>
        <line num="50" count="0" type="cond" truecount="1" falsecount="0"/>
        <line num="51" count="0" type="cond" truecount="1" falsecount="2"/>
        <line num="52" count="0" type="stmt"/>
        <line num="53" count="0" type="stmt"/>
        <line num="54" count="0" type="stmt"/>
        <line num="55" count="54" type="cond" truecount="3" falsecount="0"/>
        <line num="56" count="255" type="stmt"/>
        <line num="57" count="255" type="stmt"/>
        <line num="58" count="255" type="cond" truecount="2" falsecount="0"/>
        <line num="59" count="0" type="cond" truecount="1" falsecount="0"/>
        <line num="60" count="11" type="stmt"/>
        <line num="61" count="11" type="stmt"/>
        <line num="62" count="11" type="cond" truecount="1" falsecount="0"/>
        <line num="63" count="146" type="stmt"/>
        <line num="64" count="146" type="stmt"/>
        <line num="65" count="146" type="stmt"/>
        <line num="66" count="146" type="stmt"/>
        <line num="67" count="1" type="stmt"/>
        <line num="68" count="0" type="stmt"/>
        <line num="69" count="0" type="stmt"/>
        <line num="70" count="0" type="cond" truecount="1" falsecount="0"/>
        <line num="71" count="1023" type="stmt"/>
        <line num="72" count="1023" type="stmt"/>
        <line num="73" count="1023" type="stmt"/>
        <line num="74" count="0" type="cond" truecount="1" falsecount="0"/>
        <line num="75" count="1023" type="stmt"/>
        <line num="76" count="1023" type="stmt"/>
        <line num="77" count="1023" type="stmt"/>
        <line num="78" count="0" type="stmt"/>
        <line num="79" count="0" type="stmt"/>
        <line num="80" count="0" type="stmt"/>
        <line num="81" count="1" type="cond" truecount="2" falsecount="0"/>
        <line num="82" count="1023" type="cond" truecount="2" falsecount="0"/>
        <line num="83" count="0" type="stmt"/>
        <line num="84" count="0" type="stmt"/>
        <line num="85" count="0" type="cond" truecount="1" falsecount="0"/>
        <line num="86" count="33" type="stmt"/>
        <line num="87" count="33" type="stmt"/>
        <line num="88" count="33" type="stmt"/>
        <line num="89" count="1" type="stmt"/>
        <line num="90" count="1" type="stmt"/>
        <line num="91" count="1" type="stmt"/>
        <line num="92" count="1" type="cond" truecount="1" falsecount="0"/>
        <line num="93" count="1110" type="stmt"/>
        <line num="94" count="1110" type="stmt"/>
        <line num="95" count="1110" type="stmt"/>
        <line num="96" count="1110" type="stmt"/>
        <line num="97" count="1110" type="stmt"/>
        <line num="98" count="1110" type="stmt"/>
        <line num="99" count="1" type="stmt"/>
        <line num="100" count="1" type="stmt"/>
        <line num="101" count="1" type="stmt"/>
        <line num="102" count="1" type="cond" truecount="2" falsecount="0"/>
        <line num="103" count="100" type="stmt"/>
        <line num="104" count="0" type="cond" truecount="0" falsecount="2"/>
        <line num="105" count="0" type="stmt"/>
        <line num="106" count="100" type="stmt"/>
        <line num="107" count="100" type="stmt"/>
        <line num="108" count="100" type="stmt"/>
        <line num="109" count="0" type="cond" truecount="0" falsecount="2"/>
        <line num="110" count="0" type="stmt"/>
        <line num="111" count="0" type="stmt"/>
        <line num="112" count="100" type="stmt"/>
        <line num="113" count="100" type="stmt"/>
        <line num="114" count="100" type="stmt"/>
        <line num="115" count="1" type="cond" truecount="2" falsecount="0"/>
        <line num="116" count="12" type="stmt"/>
        <line num="117" count="4" type="cond" truecount="2" falsecount="0"/>
        <line num="118" count="4" type="stmt"/>
        <line num="119" count="12" type="cond" truecount="2" falsecount="2"/>
        <line num="120" count="12" type="stmt"/>
        <line num="121" count="12" type="stmt"/>
        <line num="122" count="12" type="stmt"/>
        <line num="123" count="12" type="stmt"/>
        <line num="124" count="1" type="cond" truecount="1" falsecount="0"/>
        <line num="125" count="6" type="cond" truecount="0" falsecount="1"/>
        <line num="126" count="6" type="stmt"/>
        <line num="127" count="6" type="stmt"/>
        <line num="128" count="6" type="cond" truecount="2" falsecount="0"/>
        <line num="129" count="4" type="stmt"/>
        <line num="130" count="4" type="stmt"/>
        <line num="131" count="4" type="stmt"/>
        <line num="132" count="4" type="stmt"/>
        <line num="133" count="1" type="cond" truecount="1" falsecount="0"/>
        <line num="134" count="20" type="stmt"/>
        <line num="135" count="20" type="stmt"/>
        <line num="136" count="20" type="stmt"/>
        <line num="137" count="1" type="stmt"/>
        <line num="138" count="1" type="stmt"/>
        <line num="139" count="1" type="stmt"/>
        <line num="140" count="1" type="stmt"/>
        <line num="141" count="1" type="stmt"/>
        <line num="142" count="1" type="stmt"/>
        <line num="143" count="1" type="stmt"/>
        <line num="144" count="1" type="stmt"/>
        <line num="145" count="1" type="stmt"/>
        <line num="146" count="1" type="stmt"/>
        <line num="147" count="1" type="stmt"/>
        <line num="148" count="1" type="stmt"/>
        <line num="149" count="1" type="stmt"/>
        <line num="150" count="1" type="stmt"/>
        <line num="151" count="1" type="stmt"/>
        <line num="152" count="1" type="stmt"/>
        <line num="153" count="1" type="stmt"/>
        <line num="154" count="1" type="stmt"/>
        <line num="155" count="1" type="stmt"/>
        <line num="156" count="1" type="stmt"/>
        <line num="157" count="1" type="stmt"/>
        <line num="158" count="1" type="stmt"/>
        <line num="159" count="1" type="cond" truecount="1" falsecount="0"/>
        <line num="160" count="320" type="stmt"/>
        <line num="161" count="320" type="stmt"/>
        <line num="162" count="320" type="stmt"/>
        <line num="163" count="1" type="stmt"/>
        <line num="164" count="1" type="stmt"/>
        <line num="165" count="1" type="stmt"/>
        <line num="166" count="1" type="stmt"/>
        <line num="167" count="1" type="stmt"/>
        <line num="168" count="1" type="stmt"/>
        <line num="169" count="1" type="stmt"/>
        <line num="170" count="1" type="stmt"/>
        <line num="171" count="1" type="stmt"/>
        <line num="172" count="1" type="stmt"/>
        <line num="173" count="1" type="stmt"/>
        <line num="174" count="1" type="stmt"/>
        <line num="175" count="1" type="stmt"/>
        <line num="176" count="1" type="stmt"/>
        <line num="177" count="1" type="stmt"/>
        <line num="178" count="1" type="stmt"/>
        <line num="179" count="1" type="stmt"/>
        <line num="180" count="1" type="stmt"/>
      </file>
      <file name="storage.js" path="/home/arthur/projects/svelte/v2-svelte-client-router/src/stores/storage.js">
        <metrics statements="11" coveredstatements="11" conditionals="0" coveredconditionals="0" methods="0" coveredmethods="0"/>
        <line num="1" count="1" type="stmt"/>
        <line num="2" count="1" type="stmt"/>
        <line num="3" count="1" type="stmt"/>
        <line num="4" count="1" type="stmt"/>
        <line num="5" count="1" type="stmt"/>
        <line num="6" count="1" type="stmt"/>
        <line num="7" count="1" type="stmt"/>
        <line num="8" count="1" type="stmt"/>
        <line num="9" count="1" type="stmt"/>
        <line num="10" count="1" type="stmt"/>
        <line num="11" count="1" type="stmt"/>
      </file>
    </package>
  </project>
</coverage>
